#
# A fatal error has been detected by the Java Runtime Environment:
#
#  EXCEPTION_ACCESS_VIOLATION (0xc0000005) at pc=0x00007ffda090e0a9, pid=12192, tid=1052
#
# JRE version: OpenJDK Runtime Environment Microsoft-8035246 (17.0.8+7) (build 17.0.8+7-LTS)
# Java VM: OpenJDK 64-Bit Server VM Microsoft-8035246 (17.0.8+7-LTS, mixed mode, sharing, tiered, compressed oops, compressed class ptrs, g1 gc, windows-amd64)
# Problematic frame:
# V  [jvm.dll+0x2be0a9]
#
# No core dump will be written. Minidumps are not enabled by default on client versions of Windows
#
# If you would like to submit a bug report, please visit:
#   https://github.com/microsoft/openjdk/issues
#

---------------  S U M M A R Y ------------

Command Line: -XX:MaxMetaspaceSize=512m --add-opens=java.base/java.util=ALL-UNNAMED --add-opens=java.base/java.lang=ALL-UNNAMED --add-opens=java.base/java.lang.invoke=ALL-UNNAMED --add-opens=java.prefs/java.util.prefs=ALL-UNNAMED --add-exports=jdk.compiler/com.sun.tools.javac.api=ALL-UNNAMED --add-exports=jdk.compiler/com.sun.tools.javac.util=ALL-UNNAMED --add-opens=java.base/java.nio.charset=ALL-UNNAMED --add-opens=java.base/java.net=ALL-UNNAMED --add-opens=java.base/java.util.concurrent.atomic=ALL-UNNAMED -Xmx2048m -Dfile.encoding=windows-1252 -Duser.country=IN -Duser.language=en -Duser.variant -javaagent:C:\Users\admin\.gradle\wrapper\dists\gradle-8.10.2-all\7iv73wktx1xtkvlq19urqw1wm\gradle-8.10.2\lib\agents\gradle-instrumentation-agent-8.10.2.jar org.gradle.launcher.daemon.bootstrap.GradleDaemon 8.10.2

Host: Intel(R) Core(TM) i5-4300M CPU @ 2.60GHz, 4 cores, 15G,  Windows 10 , 64 bit Build 19041 (10.0.19041.5198)
Time: Fri Dec 13 12:19:16 2024 India Standard Time elapsed time: 28.887720 seconds (0d 0h 0m 28s)

---------------  T H R E A D  ---------------

Current thread (0x000001d7cc3a1490):  JavaThread "C2 CompilerThread1" daemon [_thread_in_native, id=1052, stack(0x00000025a7200000,0x00000025a7300000)]


Current CompileTask:
C2:  28887 13231       4       org.gradle.cache.internal.ExclusiveCacheAccessingWorker$$Lambda$546/0x000001d7a949afc0::call (10 bytes)

Stack: [0x00000025a7200000,0x00000025a7300000],  sp=0x00000025a72fb720,  free space=1005k
Native frames: (J=compiled Java code, j=interpreted, Vv=VM code, C=native code)
V  [jvm.dll+0x2be0a9]
V  [jvm.dll+0x21ba8b]
V  [jvm.dll+0x21944b]
V  [jvm.dll+0x1a56b6]
V  [jvm.dll+0x2291ea]
V  [jvm.dll+0x22724c]
V  [jvm.dll+0x7efd0c]
V  [jvm.dll+0x7ea13a]
V  [jvm.dll+0x67ad85]
C  [ucrtbase.dll+0x21bb2]
C  [KERNEL32.DLL+0x17374]
C  [ntdll.dll+0x4cc91]


siginfo: EXCEPTION_ACCESS_VIOLATION (0xc0000005), reading address 0x0000000000000028


Register to memory mapping:

RIP=0x00007ffda090e0a9 jvm.dll
RAX=0x000001d7ce2aa7f0 points into unknown readable memory: 0x0000000000000000 | 00 00 00 00 00 00 00 00
RBX=0x00000000000017e3 is an unknown value
RCX=0x0 is NULL
RDX=0x0 is NULL
RSP=0x00000025a72fb720 is pointing into the stack for thread: 0x000001d7cc3a1490
RBP=0x00000025a72fb790 is pointing into the stack for thread: 0x000001d7cc3a1490
RSI=0x0 is NULL
RDI=0x000000000000004c is an unknown value
R8 =0x000000000000ffe0 is an unknown value
R9 =0x0 is NULL
R10=0x00007ffda1800000 VCRUNTIME140.dll
R11=0x000001d7ce2aa810 points into unknown readable memory: 0x0000000000000000 | 00 00 00 00 00 00 00 00
R12=0x0000000000000050 is an unknown value
R13=0x0 is NULL
R14=0x0 is NULL
R15=0x00000025a72fe940 is pointing into the stack for thread: 0x000001d7cc3a1490


Registers:
RAX=0x000001d7ce2aa7f0, RBX=0x00000000000017e3, RCX=0x0000000000000000, RDX=0x0000000000000000
RSP=0x00000025a72fb720, RBP=0x00000025a72fb790, RSI=0x0000000000000000, RDI=0x000000000000004c
R8 =0x000000000000ffe0, R9 =0x0000000000000000, R10=0x00007ffda1800000, R11=0x000001d7ce2aa810
R12=0x0000000000000050, R13=0x0000000000000000, R14=0x0000000000000000, R15=0x00000025a72fe940
RIP=0x00007ffda090e0a9, EFLAGS=0x0000000000010202

Top of Stack: (sp=0x00000025a72fb720)
0x00000025a72fb720:   00000000000017e3 0000000000000000
0x00000025a72fb730:   00000025a72fe940 00007ffda08738d1
0x00000025a72fb740:   000001d7cdc3a910 00007ffd00002000
0x00000025a72fb750:   000001d7ce2aa7f0 0000000000000000
0x00000025a72fb760:   0000000000000002 000001d7cddfe5a0
0x00000025a72fb770:   0000000000000002 000001d7cdc3a910
0x00000025a72fb780:   0000000000000000 0000000000000000
0x00000025a72fb790:   000001d7ce190c10 000001d78a0f05b0
0x00000025a72fb7a0:   000000000000004c 00007ffda0f94c08
0x00000025a72fb7b0:   00000025a72fb8c0 00007ffda086ba8b
0x00000025a72fb7c0:   00000025a72fe940 00007ffda0f94c08
0x00000025a72fb7d0:   00000025a72fe940 00000025a72fb8c0
0x00000025a72fb7e0:   0000002500000000 00000025a72ff4a0
0x00000025a72fb7f0:   000000250000000f 00000025a72fe940
0x00000025a72fb800:   00000025a72fb970 00007ffd00000000
0x00000025a72fb810:   000001d700000100 00007ffda0f94c08 

Instructions: (pc=0x00007ffda090e0a9)
0x00007ffda090dfa9:   3b d0 75 0b ff c1 41 3b c9 7c dc 48 8b c2 c3 33
0x00007ffda090dfb9:   c0 c3 cc cc cc cc cc 48 89 5c 24 18 55 56 57 41
0x00007ffda090dfc9:   55 41 57 48 8b ec 48 83 ec 70 65 48 8b 04 25 58
0x00007ffda090dfd9:   00 00 00 48 8b f2 44 8b 05 d2 8b 90 00 4c 8b f9
0x00007ffda090dfe9:   4a 8b 1c c0 b8 50 00 00 00 80 3c 18 00 75 05 e8
0x00007ffda090dff9:   8b 6f 5d 00 b8 20 00 00 00 48 8b 04 18 48 8b 98
0x00007ffda090e009:   38 02 00 00 48 89 5d b0 c7 45 b8 04 00 00 00 48
0x00007ffda090e019:   8b 43 18 48 83 f8 df 76 18 4c 8d 05 37 a9 65 00
0x00007ffda090e029:   ba 20 00 00 00 48 8b cb e8 5a eb de ff 48 8b 43
0x00007ffda090e039:   18 48 8d 48 20 48 3b 4b 20 76 11 45 33 c0 48 8b
0x00007ffda090e049:   cb 41 8d 50 20 e8 fd e8 de ff eb 04 48 89 4b 18
0x00007ffda090e059:   44 8b 45 b8 33 d2 49 c1 e0 03 48 8b c8 48 89 45
0x00007ffda090e069:   c0 e8 e3 80 5d 00 45 33 ed 48 8d 4d d0 44 89 6d
0x00007ffda090e079:   c8 e8 01 59 56 00 41 8b 9f 40 02 00 00 41 2b 9f
0x00007ffda090e089:   68 02 00 00 44 89 6d f0 3b 5d b8 72 0b 8b d3 48
0x00007ffda090e099:   8d 4d b0 e8 6f b3 39 00 48 8b 45 c0 4c 89 2c d8
0x00007ffda090e0a9:   8b 7e 28 8b df c1 eb 05 3b 5d d0 72 0b 8b d3 48
0x00007ffda090e0b9:   8d 4d d0 e8 1f 59 56 00 48 8b 45 d8 83 e7 1f 48
0x00007ffda090e0c9:   8d 14 98 40 0f b6 cf 41 b8 01 00 00 00 41 d3 e0
0x00007ffda090e0d9:   8b 0a 8b c1 41 0b c0 89 02 41 85 c8 75 21 8b 5d
0x00007ffda090e0e9:   c8 8d 43 01 89 45 c8 3b 5d b8 72 0b 8b d3 48 8d
0x00007ffda090e0f9:   4d b0 e8 10 b3 39 00 48 8b 45 c0 48 89 34 d8 44
0x00007ffda090e109:   39 6d c8 0f 86 77 01 00 00 4c 89 a4 24 a0 00 00
0x00007ffda090e119:   00 4c 89 b4 24 a8 00 00 00 48 8b 45 c0 41 8b cd
0x00007ffda090e129:   48 8b 34 c8 8b 46 2c 25 ff 1f 00 00 3d 04 10 00
0x00007ffda090e139:   00 0f 85 a7 00 00 00 bb 01 00 00 00 39 5e 18 76
0x00007ffda090e149:   39 66 0f 1f 44 00 00 48 8b 46 08 8b cb 48 8b 14
0x00007ffda090e159:   c8 48 85 d2 74 1d 48 83 7a 10 00 74 16 80 7a 2c
0x00007ffda090e169:   84 74 10 e8 7f 7e ee ff 48 8b d0 49 8b cf e8 a4
0x00007ffda090e179:   61 f6 ff ff c3 3b 5e 18 72 cd 48 8b 5e 10 8b 46
0x00007ffda090e189:   20 4c 8d 34 c3 49 3b de 73 54 48 8b 3b 8b 47 2c
0x00007ffda090e199:   83 e0 03 3c 03 75 2e 48 8b 07 48 8b cf ff 90 88 


Stack slot to memory mapping:
stack at sp + 0 slots: 0x00000000000017e3 is an unknown value
stack at sp + 1 slots: 0x0 is NULL
stack at sp + 2 slots: 0x00000025a72fe940 is pointing into the stack for thread: 0x000001d7cc3a1490
stack at sp + 3 slots: 0x00007ffda08738d1 jvm.dll
stack at sp + 4 slots: 0x000001d7cdc3a910 points into unknown readable memory: 0x0000000000000006 | 06 00 00 00 00 00 00 00
stack at sp + 5 slots: 0x00007ffd00002000 is an unknown value
stack at sp + 6 slots: 0x000001d7ce2aa7f0 points into unknown readable memory: 0x0000000000000000 | 00 00 00 00 00 00 00 00
stack at sp + 7 slots: 0x0 is NULL


---------------  P R O C E S S  ---------------

Threads class SMR info:
_java_thread_list=0x000001d7cd7a9af0, length=93, elements={
0x000001d78a0d74f0, 0x000001d7a7ccba70, 0x000001d7a7ccc800, 0x000001d7a7ce2190,
0x000001d7a7ce4a70, 0x000001d7a7ce6350, 0x000001d7a7ce6c20, 0x000001d7a7cead20,
0x000001d7a7cedb00, 0x000001d7a7cf8430, 0x000001d7a7cb8270, 0x000001d7c727faa0,
0x000001d7c7f57440, 0x000001d7c8e5bb90, 0x000001d7c8448a60, 0x000001d7c8fab380,
0x000001d7c8faa960, 0x000001d7c8fa80e0, 0x000001d7c8faae70, 0x000001d7c8fab890,
0x000001d7c8fa9a30, 0x000001d7c8fa85f0, 0x000001d7c8fa8b00, 0x000001d7c8fa9520,
0x000001d7c8fa9f40, 0x000001d7c8faa450, 0x000001d7c8fa9010, 0x000001d7c936af90,
0x000001d7c936c8e0, 0x000001d7c936a060, 0x000001d7c936b9b0, 0x000001d7c9369130,
0x000001d7c936bec0, 0x000001d7c936c3d0, 0x000001d7c9369640, 0x000001d7c936d300,
0x000001d7c936d810, 0x000001d7c9369b50, 0x000001d7c936ec50, 0x000001d7c936a570,
0x000001d7c936f160, 0x000001d7c936aa80, 0x000001d7c7fce270, 0x000001d7c7fcec90,
0x000001d7c7fcf1a0, 0x000001d7c7fc9170, 0x000001d7c7fcc920, 0x000001d7c7fc9680,
0x000001d7c7fd0af0, 0x000001d7c7fd00d0, 0x000001d7c7fca5b0, 0x000001d7c7fcdd60,
0x000001d7c7fcc410, 0x000001d7c7fcd850, 0x000001d7c7fcce30, 0x000001d7c7fca0a0,
0x000001d7c7fcafd0, 0x000001d7c7fcb9f0, 0x000001d7c7fd05e0, 0x000001d7c7fce780,
0x000001d7c7fcf6b0, 0x000001d7cce979f0, 0x000001d7cce9df30, 0x000001d7cce9da20,
0x000001d7cce9d000, 0x000001d7cce9e440, 0x000001d7cce96fd0, 0x000001d7cce99d60,
0x000001d7cce9d510, 0x000001d7cce98920, 0x000001d7cce9b6b0, 0x000001d7cce9a270,
0x000001d7cce99340, 0x000001d7cce9a780, 0x000001d7cce9ac90, 0x000001d7cce9c5e0,
0x000001d7cce9c0d0, 0x000001d7cce9caf0, 0x000001d7cce9e950, 0x000001d7cce974e0,
0x000001d7cce97f00, 0x000001d7cce98410, 0x000001d7cce98e30, 0x000001d7cce99850,
0x000001d7cce9b1a0, 0x000001d7cab1ddf0, 0x000001d7cab21ab0, 0x000001d7cab1bf90,
0x000001d7cab1fc50, 0x000001d7cab1e300, 0x000001d7cab1e810, 0x000001d7cab1f740,
0x000001d7cc3a1490
}

Java Threads: ( => current thread )
  0x000001d78a0d74f0 JavaThread "main" [_thread_blocked, id=7372, stack(0x00000025a0900000,0x00000025a0a00000)]
  0x000001d7a7ccba70 JavaThread "Reference Handler" daemon [_thread_blocked, id=11496, stack(0x00000025a1000000,0x00000025a1100000)]
  0x000001d7a7ccc800 JavaThread "Finalizer" daemon [_thread_blocked, id=11736, stack(0x00000025a1100000,0x00000025a1200000)]
  0x000001d7a7ce2190 JavaThread "Signal Dispatcher" daemon [_thread_blocked, id=7436, stack(0x00000025a1200000,0x00000025a1300000)]
  0x000001d7a7ce4a70 JavaThread "Attach Listener" daemon [_thread_blocked, id=9068, stack(0x00000025a1300000,0x00000025a1400000)]
  0x000001d7a7ce6350 JavaThread "Service Thread" daemon [_thread_blocked, id=7492, stack(0x00000025a1400000,0x00000025a1500000)]
  0x000001d7a7ce6c20 JavaThread "Monitor Deflation Thread" daemon [_thread_blocked, id=7532, stack(0x00000025a1500000,0x00000025a1600000)]
  0x000001d7a7cead20 JavaThread "C2 CompilerThread0" daemon [_thread_in_native, id=8260, stack(0x00000025a1600000,0x00000025a1700000)]
  0x000001d7a7cedb00 JavaThread "C1 CompilerThread0" daemon [_thread_blocked, id=3120, stack(0x00000025a1700000,0x00000025a1800000)]
  0x000001d7a7cf8430 JavaThread "Sweeper thread" daemon [_thread_blocked, id=10868, stack(0x00000025a1800000,0x00000025a1900000)]
  0x000001d7a7cb8270 JavaThread "Common-Cleaner" daemon [_thread_blocked, id=2436, stack(0x00000025a1900000,0x00000025a1a00000)]
  0x000001d7c727faa0 JavaThread "Notification Thread" daemon [_thread_blocked, id=12404, stack(0x00000025a1a00000,0x00000025a1b00000)]
  0x000001d7c7f57440 JavaThread "Daemon health stats" [_thread_blocked, id=5652, stack(0x00000025a2100000,0x00000025a2200000)]
  0x000001d7c8e5bb90 JavaThread "Incoming local TCP Connector on port 49385" [_thread_in_native, id=11480, stack(0x00000025a2200000,0x00000025a2300000)]
  0x000001d7c8448a60 JavaThread "Daemon periodic checks" [_thread_blocked, id=9612, stack(0x00000025a2300000,0x00000025a2400000)]
  0x000001d7c8fab380 JavaThread "Daemon" [_thread_blocked, id=6852, stack(0x00000025a2400000,0x00000025a2500000)]
  0x000001d7c8faa960 JavaThread "Handler for socket connection from /127.0.0.1:49385 to /127.0.0.1:49386" [_thread_in_native, id=4924, stack(0x00000025a2500000,0x00000025a2600000)]
  0x000001d7c8fa80e0 JavaThread "Cancel handler" [_thread_blocked, id=6968, stack(0x00000025a2600000,0x00000025a2700000)]
  0x000001d7c8faae70 JavaThread "Daemon worker" [_thread_blocked, id=8508, stack(0x00000025a2700000,0x00000025a2800000)]
  0x000001d7c8fab890 JavaThread "Asynchronous log dispatcher for DefaultDaemonConnection: socket connection from /127.0.0.1:49385 to /127.0.0.1:49386" [_thread_blocked, id=1988, stack(0x00000025a1c00000,0x00000025a1d00000)]
  0x000001d7c8fa9a30 JavaThread "Stdin handler" [_thread_blocked, id=884, stack(0x00000025a2800000,0x00000025a2900000)]
  0x000001d7c8fa85f0 JavaThread "Daemon client event forwarder" [_thread_blocked, id=2076, stack(0x00000025a2900000,0x00000025a2a00000)]
  0x000001d7c8fa8b00 JavaThread "Cache worker for journal cache (C:\Users\admin\.gradle\caches\journal-1)" [_thread_blocked, id=8772, stack(0x00000025a2a00000,0x00000025a2b00000)]
  0x000001d7c8fa9520 JavaThread "File lock request listener" [_thread_in_native, id=13240, stack(0x00000025a2b00000,0x00000025a2c00000)]
  0x000001d7c8fa9f40 JavaThread "Cache worker for file hash cache (C:\Users\admin\.gradle\caches\8.10.2\fileHashes)" [_thread_blocked, id=5032, stack(0x00000025a2d00000,0x00000025a2e00000)]
  0x000001d7c8faa450 JavaThread "Cache worker for file hash cache (E:\workshop\Sanju\android\.gradle\8.10.2\fileHashes)" [_thread_blocked, id=6188, stack(0x00000025a2e00000,0x00000025a2f00000)]
  0x000001d7c8fa9010 JavaThread "Cache worker for Build Output Cleanup Cache (E:\workshop\Sanju\android\.gradle\buildOutputCleanup)" [_thread_blocked, id=5892, stack(0x00000025a2f00000,0x00000025a3000000)]
  0x000001d7c936af90 JavaThread "File watcher server" daemon [_thread_in_native, id=12536, stack(0x00000025a3000000,0x00000025a3100000)]
  0x000001d7c936c8e0 JavaThread "File watcher consumer" daemon [_thread_blocked, id=7320, stack(0x00000025a3100000,0x00000025a3200000)]
  0x000001d7c936a060 JavaThread "Cache worker for checksums cache (E:\workshop\Sanju\android\.gradle\8.10.2\checksums)" [_thread_blocked, id=8632, stack(0x00000025a3200000,0x00000025a3300000)]
  0x000001d7c936b9b0 JavaThread "Cache worker for file content cache (C:\Users\admin\.gradle\caches\8.10.2\fileContent)" [_thread_blocked, id=5168, stack(0x00000025a3300000,0x00000025a3400000)]
  0x000001d7c9369130 JavaThread "Cache worker for cache directory md-rule (C:\Users\admin\.gradle\caches\8.10.2\md-rule)" [_thread_blocked, id=6036, stack(0x00000025a3400000,0x00000025a3500000)]
  0x000001d7c936bec0 JavaThread "Cache worker for cache directory md-supplier (C:\Users\admin\.gradle\caches\8.10.2\md-supplier)" [_thread_blocked, id=12152, stack(0x00000025a3500000,0x00000025a3600000)]
  0x000001d7c936c3d0 JavaThread "jar transforms" [_thread_blocked, id=3884, stack(0x00000025a3700000,0x00000025a3800000)]
  0x000001d7c9369640 JavaThread "Cache worker for Build Output Cleanup Cache (E:\workshop\Sanju\node_modules\@react-native\gradle-plugin\.gradle\buildOutputCleanup)" [_thread_blocked, id=1364, stack(0x00000025a3800000,0x00000025a3900000)]
  0x000001d7c936d300 JavaThread "Unconstrained build operations" [_thread_blocked, id=9996, stack(0x00000025a3a00000,0x00000025a3b00000)]
  0x000001d7c936d810 JavaThread "Unconstrained build operations Thread 2" [_thread_blocked, id=1048, stack(0x00000025a3b00000,0x00000025a3c00000)]
  0x000001d7c9369b50 JavaThread "Unconstrained build operations Thread 3" [_thread_blocked, id=11596, stack(0x00000025a3c00000,0x00000025a3d00000)]
  0x000001d7c936ec50 JavaThread "Unconstrained build operations Thread 4" [_thread_blocked, id=10984, stack(0x00000025a3d00000,0x00000025a3e00000)]
  0x000001d7c936a570 JavaThread "Unconstrained build operations Thread 5" [_thread_blocked, id=4500, stack(0x00000025a3e00000,0x00000025a3f00000)]
  0x000001d7c936f160 JavaThread "Unconstrained build operations Thread 6" [_thread_blocked, id=5376, stack(0x00000025a3f00000,0x00000025a4000000)]
  0x000001d7c936aa80 JavaThread "Unconstrained build operations Thread 7" [_thread_blocked, id=12016, stack(0x00000025a4000000,0x00000025a4100000)]
  0x000001d7c7fce270 JavaThread "Unconstrained build operations Thread 8" [_thread_blocked, id=2440, stack(0x00000025a4100000,0x00000025a4200000)]
  0x000001d7c7fcec90 JavaThread "Unconstrained build operations Thread 9" [_thread_blocked, id=3164, stack(0x00000025a4200000,0x00000025a4300000)]
  0x000001d7c7fcf1a0 JavaThread "Unconstrained build operations Thread 10" [_thread_blocked, id=8064, stack(0x00000025a4300000,0x00000025a4400000)]
  0x000001d7c7fc9170 JavaThread "Unconstrained build operations Thread 11" [_thread_blocked, id=1596, stack(0x00000025a4400000,0x00000025a4500000)]
  0x000001d7c7fcc920 JavaThread "Unconstrained build operations Thread 12" [_thread_blocked, id=13020, stack(0x00000025a4500000,0x00000025a4600000)]
  0x000001d7c7fc9680 JavaThread "Unconstrained build operations Thread 13" [_thread_blocked, id=6560, stack(0x00000025a4600000,0x00000025a4700000)]
  0x000001d7c7fd0af0 JavaThread "Unconstrained build operations Thread 14" [_thread_blocked, id=6252, stack(0x00000025a4700000,0x00000025a4800000)]
  0x000001d7c7fd00d0 JavaThread "Unconstrained build operations Thread 15" [_thread_in_native, id=12496, stack(0x00000025a4800000,0x00000025a4900000)]
  0x000001d7c7fca5b0 JavaThread "Memory manager" [_thread_blocked, id=7656, stack(0x00000025a4900000,0x00000025a4a00000)]
  0x000001d7c7fcdd60 JavaThread "build event listener" [_thread_blocked, id=12624, stack(0x00000025a4a00000,0x00000025a4b00000)]
  0x000001d7c7fcc410 JavaThread "ForkJoinPool.commonPool-worker-1" daemon [_thread_blocked, id=12804, stack(0x00000025a4b00000,0x00000025a4c00000)]
  0x000001d7c7fcd850 JavaThread "ForkJoinPool.commonPool-worker-2" daemon [_thread_blocked, id=12116, stack(0x00000025a4c00000,0x00000025a4d00000)]
  0x000001d7c7fcce30 JavaThread "ForkJoinPool.commonPool-worker-3" daemon [_thread_blocked, id=9028, stack(0x00000025a4d00000,0x00000025a4e00000)]
  0x000001d7c7fca0a0 JavaThread "Exec process" daemon [_thread_blocked, id=10936, stack(0x00000025a4e00000,0x00000025a4f00000)]
  0x000001d7c7fcafd0 JavaThread "Exec process Thread 2" daemon [_thread_blocked, id=8000, stack(0x00000025a4f00000,0x00000025a5000000)]
  0x000001d7c7fcb9f0 JavaThread "Exec process Thread 3" daemon [_thread_blocked, id=8764, stack(0x00000025a5000000,0x00000025a5100000)]
  0x000001d7c7fd05e0 JavaThread "included builds" [_thread_blocked, id=6152, stack(0x00000025a5100000,0x00000025a5200000)]
  0x000001d7c7fce780 JavaThread "Execution worker" [_thread_blocked, id=11760, stack(0x00000025a5200000,0x00000025a5300000)]
  0x000001d7c7fcf6b0 JavaThread "Execution worker Thread 2" [_thread_blocked, id=9452, stack(0x00000025a5300000,0x00000025a5400000)]
  0x000001d7cce979f0 JavaThread "Execution worker Thread 3" [_thread_blocked, id=10492, stack(0x00000025a5400000,0x00000025a5500000)]
  0x000001d7cce9df30 JavaThread "Cache worker for execution history cache (E:\workshop\Sanju\node_modules\@react-native\gradle-plugin\.gradle\8.10.2\executionHistory)" [_thread_blocked, id=12200, stack(0x00000025a5500000,0x00000025a5600000)]
  0x000001d7cce9da20 JavaThread "Unconstrained build operations Thread 16" [_thread_in_native, id=10724, stack(0x00000025a5600000,0x00000025a5700000)]
  0x000001d7cce9d000 JavaThread "Unconstrained build operations Thread 17" [_thread_blocked, id=4336, stack(0x00000025a5700000,0x00000025a5800000)]
  0x000001d7cce9e440 JavaThread "Unconstrained build operations Thread 18" [_thread_blocked, id=2256, stack(0x00000025a5800000,0x00000025a5900000)]
  0x000001d7cce96fd0 JavaThread "Unconstrained build operations Thread 19" [_thread_blocked, id=9336, stack(0x00000025a5900000,0x00000025a5a00000)]
  0x000001d7cce99d60 JavaThread "Unconstrained build operations Thread 20" [_thread_blocked, id=4420, stack(0x00000025a5a00000,0x00000025a5b00000)]
  0x000001d7cce9d510 JavaThread "Unconstrained build operations Thread 21" [_thread_blocked, id=6304, stack(0x00000025a5b00000,0x00000025a5c00000)]
  0x000001d7cce98920 JavaThread "Unconstrained build operations Thread 22" [_thread_blocked, id=12692, stack(0x00000025a5c00000,0x00000025a5d00000)]
  0x000001d7cce9b6b0 JavaThread "Unconstrained build operations Thread 23" [_thread_blocked, id=2260, stack(0x00000025a5d00000,0x00000025a5e00000)]
  0x000001d7cce9a270 JavaThread "Unconstrained build operations Thread 24" [_thread_blocked, id=10024, stack(0x00000025a5e00000,0x00000025a5f00000)]
  0x000001d7cce99340 JavaThread "Unconstrained build operations Thread 25" [_thread_blocked, id=9472, stack(0x00000025a5f00000,0x00000025a6000000)]
  0x000001d7cce9a780 JavaThread "Unconstrained build operations Thread 26" [_thread_blocked, id=3504, stack(0x00000025a6000000,0x00000025a6100000)]
  0x000001d7cce9ac90 JavaThread "Unconstrained build operations Thread 27" [_thread_blocked, id=6032, stack(0x00000025a6100000,0x00000025a6200000)]
  0x000001d7cce9c5e0 JavaThread "Unconstrained build operations Thread 28" [_thread_blocked, id=10940, stack(0x00000025a6200000,0x00000025a6300000)]
  0x000001d7cce9c0d0 JavaThread "Unconstrained build operations Thread 29" [_thread_blocked, id=10012, stack(0x00000025a6300000,0x00000025a6400000)]
  0x000001d7cce9caf0 JavaThread "Unconstrained build operations Thread 30" [_thread_blocked, id=3828, stack(0x00000025a6400000,0x00000025a6500000)]
  0x000001d7cce9e950 JavaThread "Unconstrained build operations Thread 31" [_thread_blocked, id=4460, stack(0x00000025a6500000,0x00000025a6600000)]
  0x000001d7cce974e0 JavaThread "Unconstrained build operations Thread 32" [_thread_blocked, id=7108, stack(0x00000025a6600000,0x00000025a6700000)]
  0x000001d7cce97f00 JavaThread "Unconstrained build operations Thread 33" [_thread_blocked, id=3856, stack(0x00000025a6700000,0x00000025a6800000)]
  0x000001d7cce98410 JavaThread "Unconstrained build operations Thread 34" [_thread_blocked, id=1132, stack(0x00000025a6800000,0x00000025a6900000)]
  0x000001d7cce98e30 JavaThread "Unconstrained build operations Thread 35" [_thread_blocked, id=3124, stack(0x00000025a6900000,0x00000025a6a00000)]
  0x000001d7cce99850 JavaThread "Unconstrained build operations Thread 36" [_thread_blocked, id=7564, stack(0x00000025a6a00000,0x00000025a6b00000)]
  0x000001d7cce9b1a0 JavaThread "jar transforms Thread 2" [_thread_blocked, id=8660, stack(0x00000025a6b00000,0x00000025a6c00000)]
  0x000001d7cab1ddf0 JavaThread "jar transforms Thread 3" [_thread_blocked, id=9624, stack(0x00000025a6c00000,0x00000025a6d00000)]
  0x000001d7cab21ab0 JavaThread "Unconstrained build operations Thread 37" [_thread_blocked, id=10032, stack(0x00000025a6d00000,0x00000025a6e00000)]
  0x000001d7cab1bf90 JavaThread "Unconstrained build operations Thread 38" [_thread_blocked, id=7700, stack(0x00000025a6e00000,0x00000025a6f00000)]
  0x000001d7cab1fc50 JavaThread "Unconstrained build operations Thread 39" [_thread_blocked, id=5108, stack(0x00000025a6f00000,0x00000025a7000000)]
  0x000001d7cab1e300 JavaThread "Unconstrained build operations Thread 40" [_thread_blocked, id=10132, stack(0x00000025a7000000,0x00000025a7100000)]
  0x000001d7cab1e810 JavaThread "jar transforms Thread 4" [_thread_blocked, id=1320, stack(0x00000025a7100000,0x00000025a7200000)]
  0x000001d7cab1f740 JavaThread "build event listener" [_thread_blocked, id=4792, stack(0x00000025a2c00000,0x00000025a2d00000)]
=>0x000001d7cc3a1490 JavaThread "C2 CompilerThread1" daemon [_thread_in_native, id=1052, stack(0x00000025a7200000,0x00000025a7300000)]

Other Threads:
  0x000001d7a7cc7690 VMThread "VM Thread" [stack: 0x00000025a0f00000,0x00000025a1000000] [id=896]
  0x000001d78a149c70 WatcherThread [stack: 0x00000025a1b00000,0x00000025a1c00000] [id=4572]
  0x000001d78a133800 GCTaskThread "GC Thread#0" [stack: 0x00000025a0a00000,0x00000025a0b00000] [id=6896]
  0x000001d7c718f170 GCTaskThread "GC Thread#1" [stack: 0x00000025a1d00000,0x00000025a1e00000] [id=6708]
  0x000001d7c76da950 GCTaskThread "GC Thread#2" [stack: 0x00000025a1e00000,0x00000025a1f00000] [id=6952]
  0x000001d7c76dac10 GCTaskThread "GC Thread#3" [stack: 0x00000025a1f00000,0x00000025a2000000] [id=1296]
  0x000001d78807dfa0 ConcurrentGCThread "G1 Main Marker" [stack: 0x00000025a0b00000,0x00000025a0c00000] [id=8120]
  0x000001d78807e8c0 ConcurrentGCThread "G1 Conc#0" [stack: 0x00000025a0c00000,0x00000025a0d00000] [id=3332]
  0x000001d78a18ded0 ConcurrentGCThread "G1 Refine#0" [stack: 0x00000025a0d00000,0x00000025a0e00000] [id=10312]
  0x000001d7c7f5acf0 ConcurrentGCThread "G1 Refine#1" [stack: 0x00000025a2000000,0x00000025a2100000] [id=6052]
  0x000001d7cae1ef90 ConcurrentGCThread "G1 Refine#2" [stack: 0x00000025a3600000,0x00000025a3700000] [id=6648]
  0x000001d78a18e810 ConcurrentGCThread "G1 Service" [stack: 0x00000025a0e00000,0x00000025a0f00000] [id=13172]

Threads with active compile tasks:
C2 CompilerThread0    28973 13232       4       org.gradle.cache.internal.AsyncCacheAccessDecoratedCache$$Lambda$545/0x000001d7a949ada0::get (12 bytes)
C2 CompilerThread1    28973 13231       4       org.gradle.cache.internal.ExclusiveCacheAccessingWorker$$Lambda$546/0x000001d7a949afc0::call (10 bytes)

VM state: not at safepoint (normal execution)

VM Mutex/Monitor currently owned by a thread: None

Heap address: 0x0000000080000000, size: 2048 MB, Compressed Oops mode: 32-bit

CDS archive(s) mapped at: [0x000001d7a8000000-0x000001d7a8bd0000-0x000001d7a8bd0000), size 12386304, SharedBaseAddress: 0x000001d7a8000000, ArchiveRelocationMode: 1.
Compressed class space mapped at: 0x000001d7a9000000-0x000001d7c3000000, reserved size: 436207616
Narrow klass base: 0x000001d7a8000000, Narrow klass shift: 0, Narrow klass range: 0x100000000

GC Precious Log:
 CPUs: 4 total, 4 available
 Memory: 16070M
 Large Page Support: Disabled
 NUMA Support: Disabled
 Compressed Oops: Enabled (32-bit)
 Heap Region Size: 1M
 Heap Min Capacity: 8M
 Heap Initial Capacity: 252M
 Heap Max Capacity: 2G
 Pre-touch: Disabled
 Parallel Workers: 4
 Concurrent Workers: 1
 Concurrent Refinement Workers: 4
 Periodic GC: Disabled

Heap:
 garbage-first heap   total 233472K, used 128975K [0x0000000080000000, 0x0000000100000000)
  region size 1024K, 15 young (15360K), 5 survivors (5120K)
 Metaspace       used 100783K, committed 101760K, reserved 557056K
  class space    used 14054K, committed 14528K, reserved 425984K

Heap Regions: E=young(eden), S=young(survivor), O=old, HS=humongous(starts), HC=humongous(continues), CS=collection set, F=free, OA=open archive, CA=closed archive, TAMS=top-at-mark-start (previous, next)
|   0|0x0000000080000000, 0x0000000080100000, 0x0000000080100000|100%|HS|  |TAMS 0x0000000080100000, 0x0000000080000000| Complete 
|   1|0x0000000080100000, 0x0000000080200000, 0x0000000080200000|100%|HC|  |TAMS 0x0000000080200000, 0x0000000080100000| Complete 
|   2|0x0000000080200000, 0x0000000080300000, 0x0000000080300000|100%|HC|  |TAMS 0x0000000080300000, 0x0000000080200000| Complete 
|   3|0x0000000080300000, 0x0000000080400000, 0x0000000080400000|100%|HC|  |TAMS 0x0000000080400000, 0x0000000080300000| Complete 
|   4|0x0000000080400000, 0x0000000080500000, 0x0000000080500000|100%| O|  |TAMS 0x0000000080500000, 0x0000000080400000| Untracked 
|   5|0x0000000080500000, 0x0000000080600000, 0x0000000080600000|100%| O|  |TAMS 0x0000000080600000, 0x0000000080500000| Untracked 
|   6|0x0000000080600000, 0x0000000080700000, 0x0000000080700000|100%| O|  |TAMS 0x0000000080700000, 0x0000000080600000| Untracked 
|   7|0x0000000080700000, 0x0000000080800000, 0x0000000080800000|100%| O|  |TAMS 0x0000000080800000, 0x0000000080700000| Untracked 
|   8|0x0000000080800000, 0x0000000080900000, 0x0000000080900000|100%|HS|  |TAMS 0x0000000080900000, 0x0000000080800000| Complete 
|   9|0x0000000080900000, 0x0000000080a00000, 0x0000000080a00000|100%| O|  |TAMS 0x0000000080a00000, 0x0000000080900000| Untracked 
|  10|0x0000000080a00000, 0x0000000080b00000, 0x0000000080b00000|100%| O|  |TAMS 0x0000000080b00000, 0x0000000080a00000| Untracked 
|  11|0x0000000080b00000, 0x0000000080c00000, 0x0000000080c00000|100%| O|  |TAMS 0x0000000080c00000, 0x0000000080b00000| Untracked 
|  12|0x0000000080c00000, 0x0000000080d00000, 0x0000000080d00000|100%| O|  |TAMS 0x0000000080d00000, 0x0000000080c00000| Untracked 
|  13|0x0000000080d00000, 0x0000000080e00000, 0x0000000080e00000|100%| O|  |TAMS 0x0000000080e00000, 0x0000000080d00000| Untracked 
|  14|0x0000000080e00000, 0x0000000080f00000, 0x0000000080f00000|100%| O|  |TAMS 0x0000000080f00000, 0x0000000080e00000| Untracked 
|  15|0x0000000080f00000, 0x0000000081000000, 0x0000000081000000|100%| O|  |TAMS 0x0000000081000000, 0x0000000080f00000| Untracked 
|  16|0x0000000081000000, 0x0000000081100000, 0x0000000081100000|100%| O|  |TAMS 0x0000000081100000, 0x0000000081000000| Untracked 
|  17|0x0000000081100000, 0x0000000081200000, 0x0000000081200000|100%| O|  |TAMS 0x0000000081200000, 0x0000000081100000| Untracked 
|  18|0x0000000081200000, 0x0000000081300000, 0x0000000081300000|100%| O|  |TAMS 0x0000000081300000, 0x0000000081200000| Untracked 
|  19|0x0000000081300000, 0x0000000081400000, 0x0000000081400000|100%| O|  |TAMS 0x0000000081400000, 0x0000000081300000| Untracked 
|  20|0x0000000081400000, 0x0000000081500000, 0x0000000081500000|100%| O|  |TAMS 0x0000000081500000, 0x0000000081400000| Untracked 
|  21|0x0000000081500000, 0x0000000081600000, 0x0000000081600000|100%| O|  |TAMS 0x0000000081600000, 0x0000000081500000| Untracked 
|  22|0x0000000081600000, 0x0000000081600000, 0x0000000081700000|  0%| F|  |TAMS 0x0000000081600000, 0x0000000081600000| Untracked 
|  23|0x0000000081700000, 0x0000000081800000, 0x0000000081800000|100%| O|  |TAMS 0x0000000081800000, 0x0000000081700000| Untracked 
|  24|0x0000000081800000, 0x0000000081900000, 0x0000000081900000|100%| O|  |TAMS 0x0000000081900000, 0x0000000081800000| Untracked 
|  25|0x0000000081900000, 0x0000000081a00000, 0x0000000081a00000|100%| O|  |TAMS 0x0000000081a00000, 0x0000000081900000| Untracked 
|  26|0x0000000081a00000, 0x0000000081b00000, 0x0000000081b00000|100%| O|  |TAMS 0x0000000081b00000, 0x0000000081a00000| Untracked 
|  27|0x0000000081b00000, 0x0000000081c00000, 0x0000000081c00000|100%| O|  |TAMS 0x0000000081c00000, 0x0000000081b00000| Untracked 
|  28|0x0000000081c00000, 0x0000000081d00000, 0x0000000081d00000|100%| O|  |TAMS 0x0000000081d00000, 0x0000000081c00000| Untracked 
|  29|0x0000000081d00000, 0x0000000081e00000, 0x0000000081e00000|100%| O|  |TAMS 0x0000000081e00000, 0x0000000081d00000| Untracked 
|  30|0x0000000081e00000, 0x0000000081f00000, 0x0000000081f00000|100%| O|  |TAMS 0x0000000081f00000, 0x0000000081e00000| Untracked 
|  31|0x0000000081f00000, 0x0000000082000000, 0x0000000082000000|100%| O|  |TAMS 0x0000000082000000, 0x0000000081f00000| Untracked 
|  32|0x0000000082000000, 0x0000000082100000, 0x0000000082100000|100%| O|  |TAMS 0x0000000082100000, 0x0000000082000000| Untracked 
|  33|0x0000000082100000, 0x0000000082200000, 0x0000000082200000|100%| O|  |TAMS 0x0000000082200000, 0x0000000082100000| Untracked 
|  34|0x0000000082200000, 0x0000000082300000, 0x0000000082300000|100%| O|  |TAMS 0x0000000082300000, 0x0000000082200000| Untracked 
|  35|0x0000000082300000, 0x0000000082400000, 0x0000000082400000|100%| O|  |TAMS 0x0000000082400000, 0x0000000082300000| Untracked 
|  36|0x0000000082400000, 0x0000000082500000, 0x0000000082500000|100%| O|  |TAMS 0x0000000082500000, 0x0000000082400000| Untracked 
|  37|0x0000000082500000, 0x0000000082600000, 0x0000000082600000|100%| O|  |TAMS 0x0000000082600000, 0x0000000082500000| Untracked 
|  38|0x0000000082600000, 0x0000000082700000, 0x0000000082700000|100%| O|  |TAMS 0x0000000082700000, 0x0000000082600000| Untracked 
|  39|0x0000000082700000, 0x0000000082800000, 0x0000000082800000|100%| O|  |TAMS 0x0000000082800000, 0x0000000082700000| Untracked 
|  40|0x0000000082800000, 0x0000000082900000, 0x0000000082900000|100%| O|  |TAMS 0x0000000082900000, 0x0000000082800000| Untracked 
|  41|0x0000000082900000, 0x0000000082a00000, 0x0000000082a00000|100%| O|  |TAMS 0x0000000082a00000, 0x0000000082900000| Complete 
|  42|0x0000000082a00000, 0x0000000082b00000, 0x0000000082b00000|100%| O|  |TAMS 0x0000000082b00000, 0x0000000082a00000| Untracked 
|  43|0x0000000082b00000, 0x0000000082c00000, 0x0000000082c00000|100%| O|  |TAMS 0x0000000082c00000, 0x0000000082b00000| Untracked 
|  44|0x0000000082c00000, 0x0000000082d00000, 0x0000000082d00000|100%| O|  |TAMS 0x0000000082d00000, 0x0000000082c00000| Untracked 
|  45|0x0000000082d00000, 0x0000000082e00000, 0x0000000082e00000|100%| O|  |TAMS 0x0000000082e00000, 0x0000000082d00000| Untracked 
|  46|0x0000000082e00000, 0x0000000082e00000, 0x0000000082f00000|  0%| F|  |TAMS 0x0000000082e00000, 0x0000000082e00000| Untracked 
|  47|0x0000000082f00000, 0x0000000083000000, 0x0000000083000000|100%| O|  |TAMS 0x0000000083000000, 0x0000000082f00000| Untracked 
|  48|0x0000000083000000, 0x0000000083100000, 0x0000000083100000|100%| O|  |TAMS 0x0000000083100000, 0x0000000083000000| Untracked 
|  49|0x0000000083100000, 0x0000000083200000, 0x0000000083200000|100%|HS|  |TAMS 0x0000000083200000, 0x0000000083100000| Complete 
|  50|0x0000000083200000, 0x0000000083300000, 0x0000000083300000|100%|HC|  |TAMS 0x0000000083300000, 0x0000000083200000| Complete 
|  51|0x0000000083300000, 0x0000000083400000, 0x0000000083400000|100%|HS|  |TAMS 0x0000000083400000, 0x0000000083300000| Complete 
|  52|0x0000000083400000, 0x0000000083500000, 0x0000000083500000|100%|HC|  |TAMS 0x0000000083500000, 0x0000000083400000| Complete 
|  53|0x0000000083500000, 0x0000000083600000, 0x0000000083600000|100%| O|  |TAMS 0x0000000083600000, 0x0000000083500000| Untracked 
|  54|0x0000000083600000, 0x0000000083700000, 0x0000000083700000|100%| O|  |TAMS 0x0000000083700000, 0x0000000083600000| Untracked 
|  55|0x0000000083700000, 0x0000000083800000, 0x0000000083800000|100%| O|  |TAMS 0x0000000083800000, 0x0000000083700000| Untracked 
|  56|0x0000000083800000, 0x0000000083900000, 0x0000000083900000|100%|HS|  |TAMS 0x0000000083900000, 0x0000000083800000| Complete 
|  57|0x0000000083900000, 0x0000000083a00000, 0x0000000083a00000|100%|HC|  |TAMS 0x0000000083a00000, 0x0000000083900000| Complete 
|  58|0x0000000083a00000, 0x0000000083b00000, 0x0000000083b00000|100%|HC|  |TAMS 0x0000000083b00000, 0x0000000083a00000| Complete 
|  59|0x0000000083b00000, 0x0000000083c00000, 0x0000000083c00000|100%|HC|  |TAMS 0x0000000083c00000, 0x0000000083b00000| Complete 
|  60|0x0000000083c00000, 0x0000000083d00000, 0x0000000083d00000|100%|HS|  |TAMS 0x0000000083d00000, 0x0000000083c00000| Complete 
|  61|0x0000000083d00000, 0x0000000083e00000, 0x0000000083e00000|100%|HC|  |TAMS 0x0000000083e00000, 0x0000000083d00000| Complete 
|  62|0x0000000083e00000, 0x0000000083f00000, 0x0000000083f00000|100%|HC|  |TAMS 0x0000000083f00000, 0x0000000083e00000| Complete 
|  63|0x0000000083f00000, 0x0000000084000000, 0x0000000084000000|100%|HC|  |TAMS 0x0000000084000000, 0x0000000083f00000| Complete 
|  64|0x0000000084000000, 0x0000000084100000, 0x0000000084100000|100%| O|  |TAMS 0x0000000084100000, 0x0000000084000000| Untracked 
|  65|0x0000000084100000, 0x0000000084200000, 0x0000000084200000|100%| O|  |TAMS 0x0000000084200000, 0x0000000084100000| Untracked 
|  66|0x0000000084200000, 0x0000000084300000, 0x0000000084300000|100%| O|  |TAMS 0x0000000084300000, 0x0000000084200000| Untracked 
|  67|0x0000000084300000, 0x0000000084400000, 0x0000000084400000|100%| O|  |TAMS 0x0000000084400000, 0x0000000084300000| Untracked 
|  68|0x0000000084400000, 0x0000000084500000, 0x0000000084500000|100%| O|  |TAMS 0x0000000084500000, 0x0000000084400000| Untracked 
|  69|0x0000000084500000, 0x0000000084600000, 0x0000000084600000|100%| O|  |TAMS 0x0000000084600000, 0x0000000084500000| Untracked 
|  70|0x0000000084600000, 0x0000000084700000, 0x0000000084700000|100%| O|  |TAMS 0x0000000084700000, 0x0000000084600000| Untracked 
|  71|0x0000000084700000, 0x0000000084800000, 0x0000000084800000|100%| O|  |TAMS 0x0000000084800000, 0x0000000084700000| Untracked 
|  72|0x0000000084800000, 0x0000000084900000, 0x0000000084900000|100%| O|  |TAMS 0x0000000084900000, 0x0000000084800000| Untracked 
|  73|0x0000000084900000, 0x0000000084a00000, 0x0000000084a00000|100%| O|  |TAMS 0x0000000084a00000, 0x0000000084900000| Untracked 
|  74|0x0000000084a00000, 0x0000000084b00000, 0x0000000084b00000|100%| O|  |TAMS 0x0000000084b00000, 0x0000000084a00000| Untracked 
|  75|0x0000000084b00000, 0x0000000084c00000, 0x0000000084c00000|100%| O|  |TAMS 0x0000000084c00000, 0x0000000084b00000| Untracked 
|  76|0x0000000084c00000, 0x0000000084d00000, 0x0000000084d00000|100%| O|  |TAMS 0x0000000084d00000, 0x0000000084c00000| Untracked 
|  77|0x0000000084d00000, 0x0000000084e00000, 0x0000000084e00000|100%| O|  |TAMS 0x0000000084e00000, 0x0000000084d00000| Untracked 
|  78|0x0000000084e00000, 0x0000000084f00000, 0x0000000084f00000|100%| O|  |TAMS 0x0000000084f00000, 0x0000000084e00000| Untracked 
|  79|0x0000000084f00000, 0x0000000085000000, 0x0000000085000000|100%| O|  |TAMS 0x0000000085000000, 0x0000000084f00000| Untracked 
|  80|0x0000000085000000, 0x0000000085100000, 0x0000000085100000|100%|HS|  |TAMS 0x0000000085100000, 0x0000000085000000| Complete 
|  81|0x0000000085100000, 0x0000000085200000, 0x0000000085200000|100%|HS|  |TAMS 0x0000000085200000, 0x0000000085100000| Complete 
|  82|0x0000000085200000, 0x0000000085300000, 0x0000000085300000|100%|HS|  |TAMS 0x0000000085300000, 0x0000000085200000| Complete 
|  83|0x0000000085300000, 0x0000000085400000, 0x0000000085400000|100%|HS|  |TAMS 0x0000000085400000, 0x0000000085300000| Complete 
|  84|0x0000000085400000, 0x0000000085500000, 0x0000000085500000|100%| O|  |TAMS 0x0000000085500000, 0x0000000085400000| Untracked 
|  85|0x0000000085500000, 0x0000000085600000, 0x0000000085600000|100%| O|  |TAMS 0x0000000085600000, 0x0000000085500000| Untracked 
|  86|0x0000000085600000, 0x0000000085700000, 0x0000000085700000|100%| O|  |TAMS 0x0000000085700000, 0x0000000085600000| Untracked 
|  87|0x0000000085700000, 0x0000000085800000, 0x0000000085800000|100%| O|  |TAMS 0x0000000085800000, 0x0000000085700000| Untracked 
|  88|0x0000000085800000, 0x0000000085900000, 0x0000000085900000|100%| O|  |TAMS 0x0000000085900000, 0x0000000085800000| Untracked 
|  89|0x0000000085900000, 0x0000000085a00000, 0x0000000085a00000|100%| O|  |TAMS 0x0000000085a00000, 0x0000000085900000| Untracked 
|  90|0x0000000085a00000, 0x0000000085b00000, 0x0000000085b00000|100%| O|  |TAMS 0x0000000085b00000, 0x0000000085a00000| Untracked 
|  91|0x0000000085b00000, 0x0000000085c00000, 0x0000000085c00000|100%| O|  |TAMS 0x0000000085c00000, 0x0000000085b00000| Untracked 
|  92|0x0000000085c00000, 0x0000000085d00000, 0x0000000085d00000|100%| O|  |TAMS 0x0000000085d00000, 0x0000000085c00000| Untracked 
|  93|0x0000000085d00000, 0x0000000085e00000, 0x0000000085e00000|100%| O|  |TAMS 0x0000000085e00000, 0x0000000085d00000| Untracked 
|  94|0x0000000085e00000, 0x0000000085f00000, 0x0000000085f00000|100%| O|  |TAMS 0x0000000085f00000, 0x0000000085e00000| Untracked 
|  95|0x0000000085f00000, 0x0000000086000000, 0x0000000086000000|100%|HS|  |TAMS 0x0000000086000000, 0x0000000085f00000| Complete 
|  96|0x0000000086000000, 0x0000000086100000, 0x0000000086100000|100%|HS|  |TAMS 0x0000000086100000, 0x0000000086000000| Complete 
|  97|0x0000000086100000, 0x0000000086200000, 0x0000000086200000|100%| O|  |TAMS 0x0000000086200000, 0x0000000086100000| Untracked 
|  98|0x0000000086200000, 0x0000000086300000, 0x0000000086300000|100%| O|  |TAMS 0x0000000086300000, 0x0000000086200000| Untracked 
|  99|0x0000000086300000, 0x0000000086400000, 0x0000000086400000|100%| O|  |TAMS 0x0000000086400000, 0x0000000086300000| Untracked 
| 100|0x0000000086400000, 0x0000000086500000, 0x0000000086500000|100%| O|  |TAMS 0x0000000086500000, 0x0000000086400000| Untracked 
| 101|0x0000000086500000, 0x0000000086600000, 0x0000000086600000|100%| O|  |TAMS 0x0000000086600000, 0x0000000086500000| Untracked 
| 102|0x0000000086600000, 0x0000000086700000, 0x0000000086700000|100%|HS|  |TAMS 0x0000000086700000, 0x0000000086600000| Complete 
| 103|0x0000000086700000, 0x0000000086800000, 0x0000000086800000|100%| O|  |TAMS 0x0000000086800000, 0x0000000086700000| Untracked 
| 104|0x0000000086800000, 0x0000000086900000, 0x0000000086900000|100%| O|  |TAMS 0x0000000086900000, 0x0000000086800000| Untracked 
| 105|0x0000000086900000, 0x0000000086a00000, 0x0000000086a00000|100%| O|  |TAMS 0x0000000086a00000, 0x0000000086900000| Untracked 
| 106|0x0000000086a00000, 0x0000000086b00000, 0x0000000086b00000|100%|HS|  |TAMS 0x0000000086b00000, 0x0000000086a00000| Complete 
| 107|0x0000000086b00000, 0x0000000086c00000, 0x0000000086c00000|100%|HC|  |TAMS 0x0000000086c00000, 0x0000000086b00000| Complete 
| 108|0x0000000086c00000, 0x0000000086d00000, 0x0000000086d00000|100%| O|  |TAMS 0x0000000086d00000, 0x0000000086c00000| Untracked 
| 109|0x0000000086d00000, 0x0000000086e00000, 0x0000000086e00000|100%| O|  |TAMS 0x0000000086e00000, 0x0000000086d00000| Untracked 
| 110|0x0000000086e00000, 0x0000000086f00000, 0x0000000086f00000|100%| O|  |TAMS 0x0000000086f00000, 0x0000000086e00000| Untracked 
| 111|0x0000000086f00000, 0x0000000087000000, 0x0000000087000000|100%| O|  |TAMS 0x0000000087000000, 0x0000000086f00000| Untracked 
| 112|0x0000000087000000, 0x0000000087100000, 0x0000000087100000|100%| O|  |TAMS 0x0000000087100000, 0x0000000087000000| Untracked 
| 113|0x0000000087100000, 0x0000000087200000, 0x0000000087200000|100%| O|  |TAMS 0x0000000087200000, 0x0000000087100000| Untracked 
| 114|0x0000000087200000, 0x000000008727e800, 0x0000000087300000| 49%| O|  |TAMS 0x000000008727e800, 0x0000000087200000| Untracked 
| 115|0x0000000087300000, 0x0000000087300000, 0x0000000087400000|  0%| F|  |TAMS 0x0000000087300000, 0x0000000087300000| Untracked 
| 116|0x0000000087400000, 0x0000000087400000, 0x0000000087500000|  0%| F|  |TAMS 0x0000000087400000, 0x0000000087400000| Untracked 
| 117|0x0000000087500000, 0x0000000087500000, 0x0000000087600000|  0%| F|  |TAMS 0x0000000087500000, 0x0000000087500000| Untracked 
| 118|0x0000000087600000, 0x0000000087600000, 0x0000000087700000|  0%| F|  |TAMS 0x0000000087600000, 0x0000000087600000| Untracked 
| 119|0x0000000087700000, 0x0000000087700000, 0x0000000087800000|  0%| F|  |TAMS 0x0000000087700000, 0x0000000087700000| Untracked 
| 120|0x0000000087800000, 0x0000000087800000, 0x0000000087900000|  0%| F|  |TAMS 0x0000000087800000, 0x0000000087800000| Untracked 
| 121|0x0000000087900000, 0x0000000087900000, 0x0000000087a00000|  0%| F|  |TAMS 0x0000000087900000, 0x0000000087900000| Untracked 
| 122|0x0000000087a00000, 0x0000000087a00000, 0x0000000087b00000|  0%| F|  |TAMS 0x0000000087a00000, 0x0000000087a00000| Untracked 
| 123|0x0000000087b00000, 0x0000000087b00000, 0x0000000087c00000|  0%| F|  |TAMS 0x0000000087b00000, 0x0000000087b00000| Untracked 
| 124|0x0000000087c00000, 0x0000000087c00000, 0x0000000087d00000|  0%| F|  |TAMS 0x0000000087c00000, 0x0000000087c00000| Untracked 
| 125|0x0000000087d00000, 0x0000000087d00000, 0x0000000087e00000|  0%| F|  |TAMS 0x0000000087d00000, 0x0000000087d00000| Untracked 
| 126|0x0000000087e00000, 0x0000000087e00000, 0x0000000087f00000|  0%| F|  |TAMS 0x0000000087e00000, 0x0000000087e00000| Untracked 
| 127|0x0000000087f00000, 0x0000000087f00000, 0x0000000088000000|  0%| F|  |TAMS 0x0000000087f00000, 0x0000000087f00000| Untracked 
| 128|0x0000000088000000, 0x0000000088000000, 0x0000000088100000|  0%| F|  |TAMS 0x0000000088000000, 0x0000000088000000| Untracked 
| 129|0x0000000088100000, 0x0000000088100000, 0x0000000088200000|  0%| F|  |TAMS 0x0000000088100000, 0x0000000088100000| Untracked 
| 130|0x0000000088200000, 0x0000000088200000, 0x0000000088300000|  0%| F|  |TAMS 0x0000000088200000, 0x0000000088200000| Untracked 
| 131|0x0000000088300000, 0x0000000088300000, 0x0000000088400000|  0%| F|  |TAMS 0x0000000088300000, 0x0000000088300000| Untracked 
| 132|0x0000000088400000, 0x0000000088400000, 0x0000000088500000|  0%| F|  |TAMS 0x0000000088400000, 0x0000000088400000| Untracked 
| 133|0x0000000088500000, 0x0000000088500000, 0x0000000088600000|  0%| F|  |TAMS 0x0000000088500000, 0x0000000088500000| Untracked 
| 134|0x0000000088600000, 0x0000000088600000, 0x0000000088700000|  0%| F|  |TAMS 0x0000000088600000, 0x0000000088600000| Untracked 
| 135|0x0000000088700000, 0x0000000088700000, 0x0000000088800000|  0%| F|  |TAMS 0x0000000088700000, 0x0000000088700000| Untracked 
| 136|0x0000000088800000, 0x0000000088800000, 0x0000000088900000|  0%| F|  |TAMS 0x0000000088800000, 0x0000000088800000| Untracked 
| 137|0x0000000088900000, 0x0000000088900000, 0x0000000088a00000|  0%| F|  |TAMS 0x0000000088900000, 0x0000000088900000| Untracked 
| 138|0x0000000088a00000, 0x0000000088a00000, 0x0000000088b00000|  0%| F|  |TAMS 0x0000000088a00000, 0x0000000088a00000| Untracked 
| 139|0x0000000088b00000, 0x0000000088b00000, 0x0000000088c00000|  0%| F|  |TAMS 0x0000000088b00000, 0x0000000088b00000| Untracked 
| 140|0x0000000088c00000, 0x0000000088c00000, 0x0000000088d00000|  0%| F|  |TAMS 0x0000000088c00000, 0x0000000088c00000| Untracked 
| 141|0x0000000088d00000, 0x0000000088d00000, 0x0000000088e00000|  0%| F|  |TAMS 0x0000000088d00000, 0x0000000088d00000| Untracked 
| 142|0x0000000088e00000, 0x0000000088e00000, 0x0000000088f00000|  0%| F|  |TAMS 0x0000000088e00000, 0x0000000088e00000| Untracked 
| 143|0x0000000088f00000, 0x0000000088f00000, 0x0000000089000000|  0%| F|  |TAMS 0x0000000088f00000, 0x0000000088f00000| Untracked 
| 144|0x0000000089000000, 0x0000000089000000, 0x0000000089100000|  0%| F|  |TAMS 0x0000000089000000, 0x0000000089000000| Untracked 
| 145|0x0000000089100000, 0x0000000089100000, 0x0000000089200000|  0%| F|  |TAMS 0x0000000089100000, 0x0000000089100000| Untracked 
| 146|0x0000000089200000, 0x0000000089200000, 0x0000000089300000|  0%| F|  |TAMS 0x0000000089200000, 0x0000000089200000| Untracked 
| 147|0x0000000089300000, 0x0000000089300000, 0x0000000089400000|  0%| F|  |TAMS 0x0000000089300000, 0x0000000089300000| Untracked 
| 148|0x0000000089400000, 0x0000000089400000, 0x0000000089500000|  0%| F|  |TAMS 0x0000000089400000, 0x0000000089400000| Untracked 
| 149|0x0000000089500000, 0x0000000089500000, 0x0000000089600000|  0%| F|  |TAMS 0x0000000089500000, 0x0000000089500000| Untracked 
| 150|0x0000000089600000, 0x0000000089600000, 0x0000000089700000|  0%| F|  |TAMS 0x0000000089600000, 0x0000000089600000| Untracked 
| 151|0x0000000089700000, 0x0000000089700000, 0x0000000089800000|  0%| F|  |TAMS 0x0000000089700000, 0x0000000089700000| Untracked 
| 152|0x0000000089800000, 0x0000000089800000, 0x0000000089900000|  0%| F|  |TAMS 0x0000000089800000, 0x0000000089800000| Untracked 
| 153|0x0000000089900000, 0x0000000089900000, 0x0000000089a00000|  0%| F|  |TAMS 0x0000000089900000, 0x0000000089900000| Untracked 
| 154|0x0000000089a00000, 0x0000000089a75600, 0x0000000089b00000| 45%| S|CS|TAMS 0x0000000089a00000, 0x0000000089a00000| Complete 
| 155|0x0000000089b00000, 0x0000000089c00000, 0x0000000089c00000|100%| S|CS|TAMS 0x0000000089b00000, 0x0000000089b00000| Complete 
| 156|0x0000000089c00000, 0x0000000089d00000, 0x0000000089d00000|100%| S|CS|TAMS 0x0000000089c00000, 0x0000000089c00000| Complete 
| 157|0x0000000089d00000, 0x0000000089e00000, 0x0000000089e00000|100%| S|CS|TAMS 0x0000000089d00000, 0x0000000089d00000| Complete 
| 158|0x0000000089e00000, 0x0000000089f00000, 0x0000000089f00000|100%| S|CS|TAMS 0x0000000089e00000, 0x0000000089e00000| Complete 
| 159|0x0000000089f00000, 0x0000000089f00000, 0x000000008a000000|  0%| F|  |TAMS 0x0000000089f00000, 0x0000000089f00000| Untracked 
| 160|0x000000008a000000, 0x000000008a000000, 0x000000008a100000|  0%| F|  |TAMS 0x000000008a000000, 0x000000008a000000| Untracked 
| 161|0x000000008a100000, 0x000000008a100000, 0x000000008a200000|  0%| F|  |TAMS 0x000000008a100000, 0x000000008a100000| Untracked 
| 162|0x000000008a200000, 0x000000008a200000, 0x000000008a300000|  0%| F|  |TAMS 0x000000008a200000, 0x000000008a200000| Untracked 
| 163|0x000000008a300000, 0x000000008a300000, 0x000000008a400000|  0%| F|  |TAMS 0x000000008a300000, 0x000000008a300000| Untracked 
| 164|0x000000008a400000, 0x000000008a400000, 0x000000008a500000|  0%| F|  |TAMS 0x000000008a400000, 0x000000008a400000| Untracked 
| 165|0x000000008a500000, 0x000000008a500000, 0x000000008a600000|  0%| F|  |TAMS 0x000000008a500000, 0x000000008a500000| Untracked 
| 166|0x000000008a600000, 0x000000008a600000, 0x000000008a700000|  0%| F|  |TAMS 0x000000008a600000, 0x000000008a600000| Untracked 
| 167|0x000000008a700000, 0x000000008a700000, 0x000000008a800000|  0%| F|  |TAMS 0x000000008a700000, 0x000000008a700000| Untracked 
| 168|0x000000008a800000, 0x000000008a800000, 0x000000008a900000|  0%| F|  |TAMS 0x000000008a800000, 0x000000008a800000| Untracked 
| 169|0x000000008a900000, 0x000000008a900000, 0x000000008aa00000|  0%| F|  |TAMS 0x000000008a900000, 0x000000008a900000| Untracked 
| 170|0x000000008aa00000, 0x000000008aa00000, 0x000000008ab00000|  0%| F|  |TAMS 0x000000008aa00000, 0x000000008aa00000| Untracked 
| 171|0x000000008ab00000, 0x000000008ab00000, 0x000000008ac00000|  0%| F|  |TAMS 0x000000008ab00000, 0x000000008ab00000| Untracked 
| 172|0x000000008ac00000, 0x000000008ac00000, 0x000000008ad00000|  0%| F|  |TAMS 0x000000008ac00000, 0x000000008ac00000| Untracked 
| 173|0x000000008ad00000, 0x000000008ad00000, 0x000000008ae00000|  0%| F|  |TAMS 0x000000008ad00000, 0x000000008ad00000| Untracked 
| 174|0x000000008ae00000, 0x000000008ae00000, 0x000000008af00000|  0%| F|  |TAMS 0x000000008ae00000, 0x000000008ae00000| Untracked 
| 175|0x000000008af00000, 0x000000008af00000, 0x000000008b000000|  0%| F|  |TAMS 0x000000008af00000, 0x000000008af00000| Untracked 
| 176|0x000000008b000000, 0x000000008b000000, 0x000000008b100000|  0%| F|  |TAMS 0x000000008b000000, 0x000000008b000000| Untracked 
| 177|0x000000008b100000, 0x000000008b100000, 0x000000008b200000|  0%| F|  |TAMS 0x000000008b100000, 0x000000008b100000| Untracked 
| 178|0x000000008b200000, 0x000000008b200000, 0x000000008b300000|  0%| F|  |TAMS 0x000000008b200000, 0x000000008b200000| Untracked 
| 179|0x000000008b300000, 0x000000008b300000, 0x000000008b400000|  0%| F|  |TAMS 0x000000008b300000, 0x000000008b300000| Untracked 
| 180|0x000000008b400000, 0x000000008b400000, 0x000000008b500000|  0%| F|  |TAMS 0x000000008b400000, 0x000000008b400000| Untracked 
| 181|0x000000008b500000, 0x000000008b500000, 0x000000008b600000|  0%| F|  |TAMS 0x000000008b500000, 0x000000008b500000| Untracked 
| 182|0x000000008b600000, 0x000000008b600000, 0x000000008b700000|  0%| F|  |TAMS 0x000000008b600000, 0x000000008b600000| Untracked 
| 183|0x000000008b700000, 0x000000008b700000, 0x000000008b800000|  0%| F|  |TAMS 0x000000008b700000, 0x000000008b700000| Untracked 
| 184|0x000000008b800000, 0x000000008b800000, 0x000000008b900000|  0%| F|  |TAMS 0x000000008b800000, 0x000000008b800000| Untracked 
| 185|0x000000008b900000, 0x000000008b900000, 0x000000008ba00000|  0%| F|  |TAMS 0x000000008b900000, 0x000000008b900000| Untracked 
| 186|0x000000008ba00000, 0x000000008ba00000, 0x000000008bb00000|  0%| F|  |TAMS 0x000000008ba00000, 0x000000008ba00000| Untracked 
| 187|0x000000008bb00000, 0x000000008bb00000, 0x000000008bc00000|  0%| F|  |TAMS 0x000000008bb00000, 0x000000008bb00000| Untracked 
| 188|0x000000008bc00000, 0x000000008bc00000, 0x000000008bd00000|  0%| F|  |TAMS 0x000000008bc00000, 0x000000008bc00000| Untracked 
| 189|0x000000008bd00000, 0x000000008bd00000, 0x000000008be00000|  0%| F|  |TAMS 0x000000008bd00000, 0x000000008bd00000| Untracked 
| 190|0x000000008be00000, 0x000000008be00000, 0x000000008bf00000|  0%| F|  |TAMS 0x000000008be00000, 0x000000008be00000| Untracked 
| 191|0x000000008bf00000, 0x000000008bf00000, 0x000000008c000000|  0%| F|  |TAMS 0x000000008bf00000, 0x000000008bf00000| Untracked 
| 192|0x000000008c000000, 0x000000008c000000, 0x000000008c100000|  0%| F|  |TAMS 0x000000008c000000, 0x000000008c000000| Untracked 
| 193|0x000000008c100000, 0x000000008c100000, 0x000000008c200000|  0%| F|  |TAMS 0x000000008c100000, 0x000000008c100000| Untracked 
| 194|0x000000008c200000, 0x000000008c200000, 0x000000008c300000|  0%| F|  |TAMS 0x000000008c200000, 0x000000008c200000| Untracked 
| 195|0x000000008c300000, 0x000000008c300000, 0x000000008c400000|  0%| F|  |TAMS 0x000000008c300000, 0x000000008c300000| Untracked 
| 196|0x000000008c400000, 0x000000008c400000, 0x000000008c500000|  0%| F|  |TAMS 0x000000008c400000, 0x000000008c400000| Untracked 
| 197|0x000000008c500000, 0x000000008c500000, 0x000000008c600000|  0%| F|  |TAMS 0x000000008c500000, 0x000000008c500000| Untracked 
| 198|0x000000008c600000, 0x000000008c600000, 0x000000008c700000|  0%| F|  |TAMS 0x000000008c600000, 0x000000008c600000| Untracked 
| 199|0x000000008c700000, 0x000000008c700000, 0x000000008c800000|  0%| F|  |TAMS 0x000000008c700000, 0x000000008c700000| Untracked 
| 200|0x000000008c800000, 0x000000008c800000, 0x000000008c900000|  0%| F|  |TAMS 0x000000008c800000, 0x000000008c800000| Untracked 
| 201|0x000000008c900000, 0x000000008c900000, 0x000000008ca00000|  0%| F|  |TAMS 0x000000008c900000, 0x000000008c900000| Untracked 
| 202|0x000000008ca00000, 0x000000008ca00000, 0x000000008cb00000|  0%| F|  |TAMS 0x000000008ca00000, 0x000000008ca00000| Untracked 
| 203|0x000000008cb00000, 0x000000008cb00000, 0x000000008cc00000|  0%| F|  |TAMS 0x000000008cb00000, 0x000000008cb00000| Untracked 
| 204|0x000000008cc00000, 0x000000008cc00000, 0x000000008cd00000|  0%| F|  |TAMS 0x000000008cc00000, 0x000000008cc00000| Untracked 
| 205|0x000000008cd00000, 0x000000008cd00000, 0x000000008ce00000|  0%| F|  |TAMS 0x000000008cd00000, 0x000000008cd00000| Untracked 
| 206|0x000000008ce00000, 0x000000008ce00000, 0x000000008cf00000|  0%| F|  |TAMS 0x000000008ce00000, 0x000000008ce00000| Untracked 
| 207|0x000000008cf00000, 0x000000008cf00000, 0x000000008d000000|  0%| F|  |TAMS 0x000000008cf00000, 0x000000008cf00000| Untracked 
| 208|0x000000008d000000, 0x000000008d000000, 0x000000008d100000|  0%| F|  |TAMS 0x000000008d000000, 0x000000008d000000| Untracked 
| 209|0x000000008d100000, 0x000000008d100000, 0x000000008d200000|  0%| F|  |TAMS 0x000000008d100000, 0x000000008d100000| Untracked 
| 210|0x000000008d200000, 0x000000008d200000, 0x000000008d300000|  0%| F|  |TAMS 0x000000008d200000, 0x000000008d200000| Untracked 
| 211|0x000000008d300000, 0x000000008d300000, 0x000000008d400000|  0%| F|  |TAMS 0x000000008d300000, 0x000000008d300000| Untracked 
| 212|0x000000008d400000, 0x000000008d400000, 0x000000008d500000|  0%| F|  |TAMS 0x000000008d400000, 0x000000008d400000| Untracked 
| 213|0x000000008d500000, 0x000000008d500000, 0x000000008d600000|  0%| F|  |TAMS 0x000000008d500000, 0x000000008d500000| Untracked 
| 214|0x000000008d600000, 0x000000008d600000, 0x000000008d700000|  0%| F|  |TAMS 0x000000008d600000, 0x000000008d600000| Untracked 
| 215|0x000000008d700000, 0x000000008d700000, 0x000000008d800000|  0%| F|  |TAMS 0x000000008d700000, 0x000000008d700000| Untracked 
| 216|0x000000008d800000, 0x000000008d800000, 0x000000008d900000|  0%| F|  |TAMS 0x000000008d800000, 0x000000008d800000| Untracked 
| 217|0x000000008d900000, 0x000000008d900000, 0x000000008da00000|  0%| F|  |TAMS 0x000000008d900000, 0x000000008d900000| Untracked 
| 218|0x000000008da00000, 0x000000008dabe370, 0x000000008db00000| 74%| E|  |TAMS 0x000000008da00000, 0x000000008da00000| Complete 
| 219|0x000000008db00000, 0x000000008dc00000, 0x000000008dc00000|100%| E|CS|TAMS 0x000000008db00000, 0x000000008db00000| Complete 
| 220|0x000000008dc00000, 0x000000008dd00000, 0x000000008dd00000|100%| E|CS|TAMS 0x000000008dc00000, 0x000000008dc00000| Complete 
| 221|0x000000008dd00000, 0x000000008de00000, 0x000000008de00000|100%| E|CS|TAMS 0x000000008dd00000, 0x000000008dd00000| Complete 
| 222|0x000000008de00000, 0x000000008df00000, 0x000000008df00000|100%| E|CS|TAMS 0x000000008de00000, 0x000000008de00000| Complete 
| 223|0x000000008df00000, 0x000000008e000000, 0x000000008e000000|100%| E|CS|TAMS 0x000000008df00000, 0x000000008df00000| Complete 
| 224|0x000000008e000000, 0x000000008e100000, 0x000000008e100000|100%| E|CS|TAMS 0x000000008e000000, 0x000000008e000000| Complete 
| 229|0x000000008e500000, 0x000000008e600000, 0x000000008e600000|100%| E|CS|TAMS 0x000000008e500000, 0x000000008e500000| Complete 
| 230|0x000000008e600000, 0x000000008e700000, 0x000000008e700000|100%| E|CS|TAMS 0x000000008e600000, 0x000000008e600000| Complete 
| 251|0x000000008fb00000, 0x000000008fc00000, 0x000000008fc00000|100%| E|CS|TAMS 0x000000008fb00000, 0x000000008fb00000| Complete 

Card table byte_map: [0x000001d7a0fd0000,0x000001d7a13d0000] _byte_map_base: 0x000001d7a0bd0000

Marking Bits (Prev, Next): (CMBitMap*) 0x000001d78a133d30, (CMBitMap*) 0x000001d78a133d70
 Prev Bits: [0x000001d7a17d0000, 0x000001d7a37d0000)
 Next Bits: [0x000001d7a37d0000, 0x000001d7a57d0000)

Polling page: 0x000001d789890000

Metaspace:

Usage:
  Non-class:     84.70 MB used.
      Class:     13.73 MB used.
       Both:     98.42 MB used.

Virtual space:
  Non-class space:      128.00 MB reserved,      85.19 MB ( 67%) committed,  2 nodes.
      Class space:      416.00 MB reserved,      14.19 MB (  3%) committed,  1 nodes.
             Both:      544.00 MB reserved,      99.38 MB ( 18%) committed. 

Chunk freelists:
   Non-Class:  10.59 MB
       Class:  1.65 MB
        Both:  12.25 MB

MaxMetaspaceSize: 512.00 MB
CompressedClassSpaceSize: 416.00 MB
Initial GC threshold: 21.00 MB
Current GC threshold: 165.62 MB
CDS: on
MetaspaceReclaimPolicy: balanced
 - commit_granule_bytes: 65536.
 - commit_granule_words: 8192.
 - virtual_space_node_default_size: 8388608.
 - enlarge_chunks_in_place: 1.
 - new_chunks_are_fully_committed: 0.
 - uncommit_free_chunks: 1.
 - use_allocation_guard: 0.
 - handle_deallocations: 1.


Internal statistics:

num_allocs_failed_limit: 12.
num_arena_births: 1314.
num_arena_deaths: 0.
num_vsnodes_births: 3.
num_vsnodes_deaths: 0.
num_space_committed: 1590.
num_space_uncommitted: 0.
num_chunks_returned_to_freelist: 12.
num_chunks_taken_from_freelist: 5589.
num_chunk_merges: 9.
num_chunk_splits: 3665.
num_chunks_enlarged: 2375.
num_inconsistent_stats: 0.

CodeHeap 'non-profiled nmethods': size=120000Kb used=7361Kb max_used=7361Kb free=112638Kb
 bounds [0x000001d7996a0000, 0x000001d799de0000, 0x000001d7a0bd0000]
CodeHeap 'profiled nmethods': size=120000Kb used=22905Kb max_used=22905Kb free=97095Kb
 bounds [0x000001d791bd0000, 0x000001d793240000, 0x000001d799100000]
CodeHeap 'non-nmethods': size=5760Kb used=2462Kb max_used=2527Kb free=3298Kb
 bounds [0x000001d799100000, 0x000001d799380000, 0x000001d7996a0000]
 total_blobs=12570 nmethods=11568 adapters=914
 compilation: enabled
              stopped_count=0, restarted_count=0
 full_count=0

Compilation events (20 events):
Event: 28.656 Thread 0x000001d7a7cead20 13223       4       java.util.HashMap$HashIterator::<init> (79 bytes)
Event: 28.657 Thread 0x000001d7a7cedb00 13224       3       org.gradle.internal.collections.ImmutableFilteredList::size (8 bytes)
Event: 28.657 Thread 0x000001d7a7cedb00 nmethod 13224 0x000001d79322b390 code [0x000001d79322b540, 0x000001d79322b6a8]
Event: 28.657 Thread 0x000001d7a7cedb00 13225       3       org.gradle.internal.collections.ImmutableFilteredList::<init> (15 bytes)
Event: 28.657 Thread 0x000001d7a7cedb00 nmethod 13225 0x000001d79322b790 code [0x000001d79322b940, 0x000001d79322bc18]
Event: 28.657 Thread 0x000001d7cc3a1490 13226       4       org.gradle.internal.component.model.DefaultAttributeMatcher$$Lambda$911/0x000001d7a96918c0::apply (14 bytes)
Event: 28.658 Thread 0x000001d7a7cedb00 13228       3       org.gradle.api.internal.initialization.DefaultScriptClassPathResolver$$Lambda$899/0x000001d7a9694870::isSatisfiedBy (8 bytes)
Event: 28.658 Thread 0x000001d7a7cedb00 nmethod 13228 0x000001d79322bd10 code [0x000001d79322bee0, 0x000001d79322c4a8]
Event: 28.660 Thread 0x000001d7a7cead20 nmethod 13223 0x000001d799dc5890 code [0x000001d799dc5a20, 0x000001d799dc5db8]
Event: 28.661 Thread 0x000001d7a7cead20 13229       4       org.gradle.api.internal.attributes.DefaultAttributesSchema::getAttributeByName (14 bytes)
Event: 28.681 Thread 0x000001d7a7cead20 nmethod 13229 0x000001d799dc5f10 code [0x000001d799dc60e0, 0x000001d799dc6a38]
Event: 28.681 Thread 0x000001d7a7cead20 13230       4       org.gradle.internal.component.model.DefaultAttributeMatcher$$Lambda$912/0x000001d7a9691b00::test (20 bytes)
Event: 28.707 Thread 0x000001d7cc3a1490 nmethod 13226 0x000001d799dc6f90 code [0x000001d799dc71e0, 0x000001d799dc8768]
Event: 28.707 Thread 0x000001d7cc3a1490 13227       4       org.gradle.api.internal.attributes.DefaultAttributesSchema$DefaultAttributeSelectionSchema::matchValue (140 bytes)
Event: 28.729 Thread 0x000001d7cc3a1490 nmethod 13227 0x000001d799dc9410 code [0x000001d799dc9660, 0x000001d799dca350]
Event: 28.784 Thread 0x000001d7cc3a1490 13231       4       org.gradle.cache.internal.ExclusiveCacheAccessingWorker$$Lambda$546/0x000001d7a949afc0::call (10 bytes)
Event: 28.803 Thread 0x000001d7a7cead20 nmethod 13230 0x000001d799dcae10 code [0x000001d799dcb260, 0x000001d799dce240]
Event: 28.803 Thread 0x000001d7a7cead20 13232       4       org.gradle.cache.internal.AsyncCacheAccessDecoratedCache$$Lambda$545/0x000001d7a949ada0::get (12 bytes)
Event: 28.852 Thread 0x000001d7a7cedb00 13235       3       org.gradle.internal.snapshot.impl.FileSystemSnapshotFilter::filterSnapshot (94 bytes)
Event: 28.853 Thread 0x000001d7a7cedb00 nmethod 13235 0x000001d79322c610 code [0x000001d79322c940, 0x000001d79322e148]

GC Heap History (20 events):
Event: 22.861 GC heap before
{Heap before GC invocations=35 (full 0):
 garbage-first heap   total 233472K, used 113766K [0x0000000080000000, 0x0000000100000000)
  region size 1024K, 15 young (15360K), 1 survivors (1024K)
 Metaspace       used 83233K, committed 84160K, reserved 557056K
  class space    used 11504K, committed 11968K, reserved 425984K
}
Event: 22.864 GC heap after
{Heap after GC invocations=36 (full 0):
 garbage-first heap   total 233472K, used 101936K [0x0000000080000000, 0x0000000100000000)
  region size 1024K, 2 young (2048K), 2 survivors (2048K)
 Metaspace       used 83233K, committed 84160K, reserved 557056K
  class space    used 11504K, committed 11968K, reserved 425984K
}
Event: 23.943 GC heap before
{Heap before GC invocations=37 (full 0):
 garbage-first heap   total 233472K, used 168496K [0x0000000080000000, 0x0000000100000000)
  region size 1024K, 62 young (63488K), 2 survivors (2048K)
 Metaspace       used 86414K, committed 87296K, reserved 557056K
  class space    used 11932K, committed 12352K, reserved 425984K
}
Event: 23.952 GC heap after
{Heap after GC invocations=38 (full 0):
 garbage-first heap   total 233472K, used 107233K [0x0000000080000000, 0x0000000100000000)
  region size 1024K, 7 young (7168K), 7 survivors (7168K)
 Metaspace       used 86414K, committed 87296K, reserved 557056K
  class space    used 11932K, committed 12352K, reserved 425984K
}
Event: 24.066 GC heap before
{Heap before GC invocations=38 (full 0):
 garbage-first heap   total 233472K, used 111329K [0x0000000080000000, 0x0000000100000000)
  region size 1024K, 11 young (11264K), 7 survivors (7168K)
 Metaspace       used 86700K, committed 87616K, reserved 557056K
  class space    used 11957K, committed 12416K, reserved 425984K
}
Event: 24.074 GC heap after
{Heap after GC invocations=39 (full 0):
 garbage-first heap   total 233472K, used 106876K [0x0000000080000000, 0x0000000100000000)
  region size 1024K, 1 young (1024K), 1 survivors (1024K)
 Metaspace       used 86700K, committed 87616K, reserved 557056K
  class space    used 11957K, committed 12416K, reserved 425984K
}
Event: 24.156 GC heap before
{Heap before GC invocations=39 (full 0):
 garbage-first heap   total 233472K, used 110972K [0x0000000080000000, 0x0000000100000000)
  region size 1024K, 6 young (6144K), 1 survivors (1024K)
 Metaspace       used 86947K, committed 87872K, reserved 557056K
  class space    used 12012K, committed 12480K, reserved 425984K
}
Event: 24.158 GC heap after
{Heap after GC invocations=40 (full 0):
 garbage-first heap   total 233472K, used 106509K [0x0000000080000000, 0x0000000100000000)
  region size 1024K, 1 young (1024K), 1 survivors (1024K)
 Metaspace       used 86947K, committed 87872K, reserved 557056K
  class space    used 12012K, committed 12480K, reserved 425984K
}
Event: 25.194 GC heap before
{Heap before GC invocations=41 (full 0):
 garbage-first heap   total 233472K, used 175117K [0x0000000080000000, 0x0000000100000000)
  region size 1024K, 66 young (67584K), 1 survivors (1024K)
 Metaspace       used 90502K, committed 91456K, reserved 557056K
  class space    used 12524K, committed 12992K, reserved 425984K
}
Event: 25.202 GC heap after
{Heap after GC invocations=42 (full 0):
 garbage-first heap   total 233472K, used 111455K [0x0000000080000000, 0x0000000100000000)
  region size 1024K, 4 young (4096K), 4 survivors (4096K)
 Metaspace       used 90502K, committed 91456K, reserved 557056K
  class space    used 12524K, committed 12992K, reserved 425984K
}
Event: 25.275 GC heap before
{Heap before GC invocations=42 (full 0):
 garbage-first heap   total 233472K, used 118623K [0x0000000080000000, 0x0000000100000000)
  region size 1024K, 11 young (11264K), 4 survivors (4096K)
 Metaspace       used 90504K, committed 91456K, reserved 557056K
  class space    used 12525K, committed 12992K, reserved 425984K
}
Event: 25.283 GC heap after
{Heap after GC invocations=43 (full 0):
 garbage-first heap   total 233472K, used 111181K [0x0000000080000000, 0x0000000100000000)
  region size 1024K, 1 young (1024K), 1 survivors (1024K)
 Metaspace       used 90504K, committed 91456K, reserved 557056K
  class space    used 12525K, committed 12992K, reserved 425984K
}
Event: 26.036 GC heap before
{Heap before GC invocations=43 (full 0):
 garbage-first heap   total 233472K, used 167501K [0x0000000080000000, 0x0000000100000000)
  region size 1024K, 57 young (58368K), 1 survivors (1024K)
 Metaspace       used 92897K, committed 93824K, reserved 557056K
  class space    used 12854K, committed 13312K, reserved 425984K
}
Event: 26.042 GC heap after
{Heap after GC invocations=44 (full 0):
 garbage-first heap   total 233472K, used 114003K [0x0000000080000000, 0x0000000100000000)
  region size 1024K, 4 young (4096K), 4 survivors (4096K)
 Metaspace       used 92897K, committed 93824K, reserved 557056K
  class space    used 12854K, committed 13312K, reserved 425984K
}
Event: 27.179 GC heap before
{Heap before GC invocations=45 (full 0):
 garbage-first heap   total 233472K, used 182611K [0x0000000080000000, 0x0000000100000000)
  region size 1024K, 70 young (71680K), 4 survivors (4096K)
 Metaspace       used 97200K, committed 98176K, reserved 557056K
  class space    used 13612K, committed 14080K, reserved 425984K
}
Event: 27.187 GC heap after
{Heap after GC invocations=46 (full 0):
 garbage-first heap   total 233472K, used 115802K [0x0000000080000000, 0x0000000100000000)
  region size 1024K, 6 young (6144K), 6 survivors (6144K)
 Metaspace       used 97200K, committed 98176K, reserved 557056K
  class space    used 13612K, committed 14080K, reserved 425984K
}
Event: 27.239 GC heap before
{Heap before GC invocations=46 (full 0):
 garbage-first heap   total 233472K, used 120922K [0x0000000080000000, 0x0000000100000000)
  region size 1024K, 11 young (11264K), 6 survivors (6144K)
 Metaspace       used 97568K, committed 98496K, reserved 557056K
  class space    used 13643K, committed 14080K, reserved 425984K
}
Event: 27.248 GC heap after
{Heap after GC invocations=47 (full 0):
 garbage-first heap   total 233472K, used 116078K [0x0000000080000000, 0x0000000100000000)
  region size 1024K, 1 young (1024K), 1 survivors (1024K)
 Metaspace       used 97568K, committed 98496K, reserved 557056K
  class space    used 13643K, committed 14080K, reserved 425984K
}
Event: 28.527 GC heap before
{Heap before GC invocations=47 (full 0):
 garbage-first heap   total 233472K, used 185710K [0x0000000080000000, 0x0000000100000000)
  region size 1024K, 69 young (70656K), 1 survivors (1024K)
 Metaspace       used 100747K, committed 101760K, reserved 557056K
  class space    used 14054K, committed 14528K, reserved 425984K
}
Event: 28.536 GC heap after
{Heap after GC invocations=48 (full 0):
 garbage-first heap   total 233472K, used 119759K [0x0000000080000000, 0x0000000100000000)
  region size 1024K, 5 young (5120K), 5 survivors (5120K)
 Metaspace       used 100747K, committed 101760K, reserved 557056K
  class space    used 14054K, committed 14528K, reserved 425984K
}

Dll operation events (14 events):
Event: 0.010 Loaded shared library C:\Program Files\Microsoft\jdk-17.0.8.7-hotspot\bin\java.dll
Event: 0.027 Loaded shared library C:\Program Files\Microsoft\jdk-17.0.8.7-hotspot\bin\jsvml.dll
Event: 0.081 Loaded shared library C:\Program Files\Microsoft\jdk-17.0.8.7-hotspot\bin\zip.dll
Event: 0.086 Loaded shared library C:\Program Files\Microsoft\jdk-17.0.8.7-hotspot\bin\instrument.dll
Event: 0.090 Loaded shared library C:\Program Files\Microsoft\jdk-17.0.8.7-hotspot\bin\net.dll
Event: 0.092 Loaded shared library C:\Program Files\Microsoft\jdk-17.0.8.7-hotspot\bin\nio.dll
Event: 0.094 Loaded shared library C:\Program Files\Microsoft\jdk-17.0.8.7-hotspot\bin\zip.dll
Event: 0.364 Loaded shared library C:\Program Files\Microsoft\jdk-17.0.8.7-hotspot\bin\jimage.dll
Event: 0.593 Loaded shared library C:\Program Files\Microsoft\jdk-17.0.8.7-hotspot\bin\verify.dll
Event: 0.776 Loaded shared library C:\Users\admin\.gradle\native\c067742578af261105cb4f569cf0c3c89f3d7b1fecec35dd04571415982c5e48\windows-amd64\native-platform.dll
Event: 0.793 Loaded shared library C:\Users\admin\.gradle\native\100fb08df4bc3b14c8652ba06237920a3bd2aa13389f12d3474272988ae205f9\windows-amd64\native-platform-file-events.dll
Event: 2.131 Loaded shared library C:\Program Files\Microsoft\jdk-17.0.8.7-hotspot\bin\management.dll
Event: 2.134 Loaded shared library C:\Program Files\Microsoft\jdk-17.0.8.7-hotspot\bin\management_ext.dll
Event: 2.616 Loaded shared library C:\Program Files\Microsoft\jdk-17.0.8.7-hotspot\bin\sunmscapi.dll

Deoptimization events (20 events):
Event: 28.332 Thread 0x000001d7c8faae70 DEOPT PACKING pc=0x000001d79985aa28 sp=0x00000025a27f8290
Event: 28.332 Thread 0x000001d7c8faae70 DEOPT UNPACKING pc=0x000001d7991569a3 sp=0x00000025a27f81b0 mode 2
Event: 28.343 Thread 0x000001d7c8faae70 Uncommon trap: trap_request=0xffffffbe fr.pc=0x000001d79985aa28 relative=0x0000000000000268
Event: 28.343 Thread 0x000001d7c8faae70 Uncommon trap: reason=profile_predicate action=maybe_recompile pc=0x000001d79985aa28 method=java.util.Collections.indexedBinarySearch(Ljava/util/List;Ljava/lang/Object;Ljava/util/Comparator;)I @ 15 c2
Event: 28.343 Thread 0x000001d7c8faae70 DEOPT PACKING pc=0x000001d79985aa28 sp=0x00000025a27f8290
Event: 28.343 Thread 0x000001d7c8faae70 DEOPT UNPACKING pc=0x000001d7991569a3 sp=0x00000025a27f81b0 mode 2
Event: 28.356 Thread 0x000001d7c8faae70 DEOPT PACKING pc=0x000001d79305d360 sp=0x00000025a27f7c60
Event: 28.356 Thread 0x000001d7c8faae70 DEOPT UNPACKING pc=0x000001d799157143 sp=0x00000025a27f7178 mode 0
Event: 28.395 Thread 0x000001d7c8faae70 Uncommon trap: trap_request=0xffffffbe fr.pc=0x000001d79985aa28 relative=0x0000000000000268
Event: 28.395 Thread 0x000001d7c8faae70 Uncommon trap: reason=profile_predicate action=maybe_recompile pc=0x000001d79985aa28 method=java.util.Collections.indexedBinarySearch(Ljava/util/List;Ljava/lang/Object;Ljava/util/Comparator;)I @ 15 c2
Event: 28.395 Thread 0x000001d7c8faae70 DEOPT PACKING pc=0x000001d79985aa28 sp=0x00000025a27f8290
Event: 28.395 Thread 0x000001d7c8faae70 DEOPT UNPACKING pc=0x000001d7991569a3 sp=0x00000025a27f81b0 mode 2
Event: 28.402 Thread 0x000001d7c8faae70 Uncommon trap: trap_request=0xffffffbe fr.pc=0x000001d7999cc6d0 relative=0x0000000000000210
Event: 28.402 Thread 0x000001d7c8faae70 Uncommon trap: reason=profile_predicate action=maybe_recompile pc=0x000001d7999cc6d0 method=java.util.Collections.indexedBinarySearch(Ljava/util/List;Ljava/lang/Object;Ljava/util/Comparator;)I @ 15 c2
Event: 28.402 Thread 0x000001d7c8faae70 DEOPT PACKING pc=0x000001d7999cc6d0 sp=0x00000025a27f8210
Event: 28.402 Thread 0x000001d7c8faae70 DEOPT UNPACKING pc=0x000001d7991569a3 sp=0x00000025a27f81b0 mode 2
Event: 28.450 Thread 0x000001d7c8faae70 Uncommon trap: trap_request=0xffffff45 fr.pc=0x000001d799c15ed4 relative=0x0000000000000454
Event: 28.450 Thread 0x000001d7c8faae70 Uncommon trap: reason=unstable_if action=reinterpret pc=0x000001d799c15ed4 method=com.esotericsoftware.kryo.io.Output.writeString(Ljava/lang/String;)V @ 93 c2
Event: 28.450 Thread 0x000001d7c8faae70 DEOPT PACKING pc=0x000001d799c15ed4 sp=0x00000025a27f8230
Event: 28.450 Thread 0x000001d7c8faae70 DEOPT UNPACKING pc=0x000001d7991569a3 sp=0x00000025a27f81d8 mode 2

Classes unloaded (0 events):
No events

Classes redefined (0 events):
No events

Internal exceptions (20 events):
Event: 27.475 Thread 0x000001d7c8faae70 Exception <a 'java/lang/NoSuchMethodError'{0x000000008d2b9dd0}: 'java.lang.Object java.lang.invoke.DirectMethodHandle$Holder.invokeSpecial(java.lang.Object, java.lang.Object, long, int, int, int, int, int, int, java.lang.Object, int, int, int, int, java.lang.Object)'> (0x000000008d2b9dd0) 
thrown [s\src\hotspot\share\interpreter\linkResolver.cpp, line 759]
Event: 27.475 Thread 0x000001d7c8faae70 Exception <a 'java/lang/NoSuchMethodError'{0x000000008d2bf458}: 'java.lang.Object java.lang.invoke.DelegatingMethodHandle$Holder.reinvoke_L(java.lang.Object, long, int, int, int, int, int, int, java.lang.Object, int, int, int, int, java.lang.Object)'> (0x000000008d2bf458) 
thrown [s\src\hotspot\share\interpreter\linkResolver.cpp, line 759]
Event: 27.565 Thread 0x000001d7c8faae70 Exception <a 'java/lang/ClassNotFoundException'{0x000000008cb7fbd8}: com/android/build/gradle/internal/api/ApkVariantOutputImpl_DecoratedBeanInfo> (0x000000008cb7fbd8) 
thrown [s\src\hotspot\share\classfile\systemDictionary.cpp, line 256]
Event: 27.566 Thread 0x000001d7c8faae70 Exception <a 'java/lang/ClassNotFoundException'{0x000000008cb92bc0}: com/android/build/gradle/internal/api/ApkVariantOutputImplBeanInfo> (0x000000008cb92bc0) 
thrown [s\src\hotspot\share\classfile\systemDictionary.cpp, line 256]
Event: 27.567 Thread 0x000001d7c8faae70 Exception <a 'java/lang/ClassNotFoundException'{0x000000008cba5958}: com/android/build/gradle/internal/api/BaseVariantOutputImplBeanInfo> (0x000000008cba5958) 
thrown [s\src\hotspot\share\classfile\systemDictionary.cpp, line 256]
Event: 27.568 Thread 0x000001d7c8faae70 Exception <a 'java/lang/ClassNotFoundException'{0x000000008cbb86c8}: com/android/build/gradle/internal/api/BaseVariantOutputImplCustomizer> (0x000000008cbb86c8) 
thrown [s\src\hotspot\share\classfile\systemDictionary.cpp, line 256]
Event: 27.571 Thread 0x000001d7c8faae70 Exception <a 'java/lang/ClassNotFoundException'{0x000000008cbde330}: com/android/build/gradle/internal/api/ApkVariantOutputImplCustomizer> (0x000000008cbde330) 
thrown [s\src\hotspot\share\classfile\systemDictionary.cpp, line 256]
Event: 27.572 Thread 0x000001d7c8faae70 Exception <a 'java/lang/ClassNotFoundException'{0x000000008cbfeff0}: com/android/build/gradle/internal/api/ApkVariantOutputImpl_DecoratedCustomizer> (0x000000008cbfeff0) 
thrown [s\src\hotspot\share\classfile\systemDictionary.cpp, line 256]
Event: 27.717 Thread 0x000001d7c8faae70 Exception <a 'java/lang/ClassNotFoundException'{0x000000008c252e18}: com/android/build/gradle/internal/api/ReadOnlyBuildTypeBeanInfo> (0x000000008c252e18) 
thrown [s\src\hotspot\share\classfile\systemDictionary.cpp, line 256]
Event: 27.719 Thread 0x000001d7c8faae70 Exception <a 'java/lang/ClassNotFoundException'{0x000000008c265b30}: com/android/build/gradle/internal/api/ReadOnlyBaseConfigBeanInfo> (0x000000008c265b30) 
thrown [s\src\hotspot\share\classfile\systemDictionary.cpp, line 256]
Event: 27.720 Thread 0x000001d7c8faae70 Exception <a 'java/lang/ClassNotFoundException'{0x000000008c278878}: com/android/build/gradle/internal/api/ReadOnlyBaseConfigCustomizer> (0x000000008c278878) 
thrown [s\src\hotspot\share\classfile\systemDictionary.cpp, line 256]
Event: 27.721 Thread 0x000001d7c8faae70 Exception <a 'java/lang/ClassNotFoundException'{0x000000008c29c3b8}: com/android/build/gradle/internal/api/ReadOnlyBuildTypeCustomizer> (0x000000008c29c3b8) 
thrown [s\src\hotspot\share\classfile\systemDictionary.cpp, line 256]
Event: 28.123 Thread 0x000001d7c8faae70 Exception <a 'java/lang/ClassNotFoundException'{0x000000008af9c210}: build_clujgtndis4z8y761un66819wBeanInfo> (0x000000008af9c210) 
thrown [s\src\hotspot\share\classfile\systemDictionary.cpp, line 256]
Event: 28.123 Thread 0x000001d7c8faae70 Exception <a 'java/lang/ClassNotFoundException'{0x000000008afa33b0}: build_clujgtndis4z8y761un66819wCustomizer> (0x000000008afa33b0) 
thrown [s\src\hotspot\share\classfile\systemDictionary.cpp, line 256]
Event: 28.144 Thread 0x000001d7c8faae70 Exception <a 'java/lang/ClassNotFoundException'{0x000000008aec1870}: groovy/lang/GString$1BeanInfo> (0x000000008aec1870) 
thrown [s\src\hotspot\share\classfile\systemDictionary.cpp, line 256]
Event: 28.145 Thread 0x000001d7c8faae70 Exception <a 'java/lang/ClassNotFoundException'{0x000000008aee25e0}: groovy/lang/GStringBeanInfo> (0x000000008aee25e0) 
thrown [s\src\hotspot\share\classfile\systemDictionary.cpp, line 256]
Event: 28.146 Thread 0x000001d7c8faae70 Exception <a 'java/lang/ClassNotFoundException'{0x000000008ad03848}: groovy/lang/GStringCustomizer> (0x000000008ad03848) 
thrown [s\src\hotspot\share\classfile\systemDictionary.cpp, line 256]
Event: 28.148 Thread 0x000001d7c8faae70 Exception <a 'java/lang/ClassNotFoundException'{0x000000008ad2eb48}: groovy/lang/GString$1Customizer> (0x000000008ad2eb48) 
thrown [s\src\hotspot\share\classfile\systemDictionary.cpp, line 256]
Event: 28.153 Thread 0x000001d7c8faae70 Exception <a 'java/lang/ClassNotFoundException'{0x000000008aa0b778}: org/codehaus/groovy/runtime/GStringImplBeanInfo> (0x000000008aa0b778) 
thrown [s\src\hotspot\share\classfile\systemDictionary.cpp, line 256]
Event: 28.156 Thread 0x000001d7c8faae70 Exception <a 'java/lang/ClassNotFoundException'{0x000000008a9f1b90}: org/codehaus/groovy/runtime/GStringImplCustomizer> (0x000000008a9f1b90) 
thrown [s\src\hotspot\share\classfile\systemDictionary.cpp, line 256]

VM Operations (20 events):
Event: 25.709 Executing VM operation: HandshakeAllThreads
Event: 25.710 Executing VM operation: HandshakeAllThreads done
Event: 26.036 Executing VM operation: G1TryInitiateConcMark
Event: 26.042 Executing VM operation: G1TryInitiateConcMark done
Event: 26.245 Executing VM operation: G1PauseRemark
Event: 26.253 Executing VM operation: G1PauseRemark done
Event: 26.345 Executing VM operation: G1PauseCleanup
Event: 26.345 Executing VM operation: G1PauseCleanup done
Event: 27.086 Executing VM operation: HandshakeAllThreads
Event: 27.086 Executing VM operation: HandshakeAllThreads done
Event: 27.179 Executing VM operation: G1CollectForAllocation
Event: 27.188 Executing VM operation: G1CollectForAllocation done
Event: 27.239 Executing VM operation: G1CollectForAllocation
Event: 27.248 Executing VM operation: G1CollectForAllocation done
Event: 28.255 Executing VM operation: Cleanup
Event: 28.255 Executing VM operation: Cleanup done
Event: 28.527 Executing VM operation: G1CollectForAllocation
Event: 28.536 Executing VM operation: G1CollectForAllocation done
Event: 28.806 Executing VM operation: G1PauseRemark
Event: 28.814 Executing VM operation: G1PauseRemark done

Events (20 events):
Event: 25.502 loading class java/lang/StringCustomizer
Event: 25.502 loading class java/lang/StringCustomizer done
Event: 25.516 Thread 0x000001d7a7cf8430 flushing nmethod 0x000001d791c99690
Event: 25.516 Thread 0x000001d7a7cf8430 flushing nmethod 0x000001d791ccb990
Event: 25.518 Thread 0x000001d7a7cf8430 flushing nmethod 0x000001d791ee6690
Event: 25.523 Thread 0x000001d7a7cf8430 flushing nmethod 0x000001d79246cc10
Event: 25.525 Thread 0x000001d7a7cf8430 flushing nmethod 0x000001d79261c010
Event: 25.530 Thread 0x000001d7a7cf8430 flushing nmethod 0x000001d792d39510
Event: 25.670 Thread 0x000001d7cc3a3470 Thread exited: 0x000001d7cc3a3470
Event: 26.145 loading class java/util/regex/Pattern$Caret
Event: 26.146 loading class java/util/regex/Pattern$Caret done
Event: 27.054 loading class sun/invoke/util/ValueConversions$1
Event: 27.054 loading class sun/invoke/util/ValueConversions$1 done
Event: 27.055 loading class java/lang/invoke/BoundMethodHandle$Species_LI
Event: 27.055 loading class java/lang/invoke/BoundMethodHandle$Species_LI done
Event: 27.089 loading class java/io/FileReader
Event: 27.089 loading class java/io/FileReader done
Event: 27.155 loading class jdk/internal/reflect/UnsafeQualifiedIntegerFieldAccessorImpl
Event: 27.155 loading class jdk/internal/reflect/UnsafeQualifiedIntegerFieldAccessorImpl done
Event: 27.380 Thread 0x000001d7cc3a1490 Thread added: 0x000001d7cc3a1490


Dynamic libraries:
0x00007ff773460000 - 0x00007ff77346e000 	C:\Program Files\Microsoft\jdk-17.0.8.7-hotspot\bin\java.exe
0x00007ffdc1b90000 - 0x00007ffdc1d88000 	C:\Windows\SYSTEM32\ntdll.dll
0x00007ffdc1a80000 - 0x00007ffdc1b42000 	C:\Windows\System32\KERNEL32.DLL
0x00007ffdbf510000 - 0x00007ffdbf80e000 	C:\Windows\System32\KERNELBASE.dll
0x00007ffdbf2f0000 - 0x00007ffdbf3f0000 	C:\Windows\System32\ucrtbase.dll
0x00007ffda1820000 - 0x00007ffda1837000 	C:\Program Files\Microsoft\jdk-17.0.8.7-hotspot\bin\jli.dll
0x00007ffda1800000 - 0x00007ffda181b000 	C:\Program Files\Microsoft\jdk-17.0.8.7-hotspot\bin\VCRUNTIME140.dll
0x00007ffdbfd90000 - 0x00007ffdbff2d000 	C:\Windows\System32\USER32.dll
0x00007ffdbf930000 - 0x00007ffdbf952000 	C:\Windows\System32\win32u.dll
0x00007ffdae9e0000 - 0x00007ffdaec7a000 	C:\Windows\WinSxS\amd64_microsoft.windows.common-controls_6595b64144ccf1df_6.0.19041.4355_none_60b8b9eb71f62e16\COMCTL32.dll
0x00007ffdc1960000 - 0x00007ffdc198b000 	C:\Windows\System32\GDI32.dll
0x00007ffdc11d0000 - 0x00007ffdc126e000 	C:\Windows\System32\msvcrt.dll
0x00007ffdbf810000 - 0x00007ffdbf927000 	C:\Windows\System32\gdi32full.dll
0x00007ffdbfb10000 - 0x00007ffdbfbad000 	C:\Windows\System32\msvcp_win.dll
0x00007ffdc0b10000 - 0x00007ffdc0b3f000 	C:\Windows\System32\IMM32.DLL
0x00007ffda1850000 - 0x00007ffda185c000 	C:\Program Files\Microsoft\jdk-17.0.8.7-hotspot\bin\vcruntime140_1.dll
0x00007ffda1770000 - 0x00007ffda17fd000 	C:\Program Files\Microsoft\jdk-17.0.8.7-hotspot\bin\msvcp140.dll
0x00007ffda0650000 - 0x00007ffda12b5000 	C:\Program Files\Microsoft\jdk-17.0.8.7-hotspot\bin\server\jvm.dll
0x00007ffdc1030000 - 0x00007ffdc10e1000 	C:\Windows\System32\ADVAPI32.dll
0x00007ffdc0c50000 - 0x00007ffdc0cef000 	C:\Windows\System32\sechost.dll
0x00007ffdbfc60000 - 0x00007ffdbfd83000 	C:\Windows\System32\RPCRT4.dll
0x00007ffdbf230000 - 0x00007ffdbf257000 	C:\Windows\System32\bcrypt.dll
0x00007ffdbe730000 - 0x00007ffdbe77b000 	C:\Windows\SYSTEM32\POWRPROF.dll
0x00007ffda1710000 - 0x00007ffda1719000 	C:\Windows\SYSTEM32\WSOCK32.dll
0x00007ffda21d0000 - 0x00007ffda21f7000 	C:\Windows\SYSTEM32\WINMM.dll
0x00007ffdc1150000 - 0x00007ffdc11bb000 	C:\Windows\System32\WS2_32.dll
0x00007ffdb0cf0000 - 0x00007ffdb0cfa000 	C:\Windows\SYSTEM32\VERSION.dll
0x00007ffdbe5f0000 - 0x00007ffdbe602000 	C:\Windows\SYSTEM32\UMPDC.dll
0x00007ffdbd070000 - 0x00007ffdbd082000 	C:\Windows\SYSTEM32\kernel.appcore.dll
0x00007ffda14f0000 - 0x00007ffda14fa000 	C:\Program Files\Microsoft\jdk-17.0.8.7-hotspot\bin\jimage.dll
0x00007ffdaa430000 - 0x00007ffdaa614000 	C:\Windows\SYSTEM32\DBGHELP.DLL
0x00007ffdaa3f0000 - 0x00007ffdaa424000 	C:\Windows\SYSTEM32\dbgcore.DLL
0x00007ffdbf260000 - 0x00007ffdbf2e2000 	C:\Windows\System32\bcryptPrimitives.dll
0x00007ffdb1590000 - 0x00007ffdb159e000 	C:\Program Files\Microsoft\jdk-17.0.8.7-hotspot\bin\instrument.dll
0x00007ffd9fa30000 - 0x00007ffd9fa55000 	C:\Program Files\Microsoft\jdk-17.0.8.7-hotspot\bin\java.dll
0x00007ffda0460000 - 0x00007ffda0537000 	C:\Program Files\Microsoft\jdk-17.0.8.7-hotspot\bin\jsvml.dll
0x00007ffdbff30000 - 0x00007ffdc069d000 	C:\Windows\System32\SHELL32.dll
0x00007ffdbd270000 - 0x00007ffdbda14000 	C:\Windows\SYSTEM32\windows.storage.dll
0x00007ffdc1580000 - 0x00007ffdc18d3000 	C:\Windows\System32\combase.dll
0x00007ffdbeb80000 - 0x00007ffdbebae000 	C:\Windows\SYSTEM32\Wldp.dll
0x00007ffdc0f40000 - 0x00007ffdc100d000 	C:\Windows\System32\OLEAUT32.dll
0x00007ffdc0b40000 - 0x00007ffdc0bed000 	C:\Windows\System32\SHCORE.dll
0x00007ffdc0bf0000 - 0x00007ffdc0c45000 	C:\Windows\System32\shlwapi.dll
0x00007ffdbf160000 - 0x00007ffdbf184000 	C:\Windows\SYSTEM32\profapi.dll
0x00007ffda3140000 - 0x00007ffda3158000 	C:\Program Files\Microsoft\jdk-17.0.8.7-hotspot\bin\zip.dll
0x00007ffda1430000 - 0x00007ffda1449000 	C:\Program Files\Microsoft\jdk-17.0.8.7-hotspot\bin\net.dll
0x00007ffdb6350000 - 0x00007ffdb645d000 	C:\Windows\SYSTEM32\WINHTTP.dll
0x00007ffdbe960000 - 0x00007ffdbe9ca000 	C:\Windows\system32\mswsock.dll
0x00007ffd9f7b0000 - 0x00007ffd9f7c6000 	C:\Program Files\Microsoft\jdk-17.0.8.7-hotspot\bin\nio.dll
0x00007ffda9910000 - 0x00007ffda9920000 	C:\Program Files\Microsoft\jdk-17.0.8.7-hotspot\bin\verify.dll
0x00007ffd9c7c0000 - 0x00007ffd9c7e7000 	C:\Users\admin\.gradle\native\c067742578af261105cb4f569cf0c3c89f3d7b1fecec35dd04571415982c5e48\windows-amd64\native-platform.dll
0x00007ffd89140000 - 0x00007ffd89284000 	C:\Users\admin\.gradle\native\100fb08df4bc3b14c8652ba06237920a3bd2aa13389f12d3474272988ae205f9\windows-amd64\native-platform-file-events.dll
0x00007ffd9c1d0000 - 0x00007ffd9c1d9000 	C:\Program Files\Microsoft\jdk-17.0.8.7-hotspot\bin\management.dll
0x00007ffd9a960000 - 0x00007ffd9a96b000 	C:\Program Files\Microsoft\jdk-17.0.8.7-hotspot\bin\management_ext.dll
0x00007ffdc11c0000 - 0x00007ffdc11c8000 	C:\Windows\System32\PSAPI.DLL
0x00007ffdbeef0000 - 0x00007ffdbef08000 	C:\Windows\SYSTEM32\CRYPTSP.dll
0x00007ffdbe230000 - 0x00007ffdbe264000 	C:\Windows\system32\rsaenh.dll
0x00007ffdbf0e0000 - 0x00007ffdbf10e000 	C:\Windows\SYSTEM32\USERENV.dll
0x00007ffdbeaf0000 - 0x00007ffdbeafc000 	C:\Windows\SYSTEM32\CRYPTBASE.dll
0x00007ffdbe610000 - 0x00007ffdbe64b000 	C:\Windows\SYSTEM32\IPHLPAPI.DLL
0x00007ffdc1480000 - 0x00007ffdc1488000 	C:\Windows\System32\NSI.dll
0x00007ffdb74f0000 - 0x00007ffdb7507000 	C:\Windows\SYSTEM32\dhcpcsvc6.DLL
0x00007ffdb7780000 - 0x00007ffdb779d000 	C:\Windows\SYSTEM32\dhcpcsvc.DLL
0x00007ffdbe660000 - 0x00007ffdbe72a000 	C:\Windows\SYSTEM32\DNSAPI.dll
0x00007ffd9ca30000 - 0x00007ffd9ca3e000 	C:\Program Files\Microsoft\jdk-17.0.8.7-hotspot\bin\sunmscapi.dll
0x00007ffdbf9b0000 - 0x00007ffdbfb0c000 	C:\Windows\System32\CRYPT32.dll
0x00007ffdbebf0000 - 0x00007ffdbec17000 	C:\Windows\SYSTEM32\ncrypt.dll
0x00007ffdbebb0000 - 0x00007ffdbebeb000 	C:\Windows\SYSTEM32\NTASN1.dll
0x00007ffd9c1e0000 - 0x00007ffd9c1e7000 	C:\Windows\system32\wshunix.dll
0x00007ffdb7e20000 - 0x00007ffdb7e2a000 	C:\Windows\System32\rasadhlp.dll
0x00007ffdb6060000 - 0x00007ffdb60e0000 	C:\Windows\System32\fwpuclnt.dll
0x00007ffd9ba20000 - 0x00007ffd9ba37000 	C:\Windows\system32\napinsp.dll
0x00007ffd95a30000 - 0x00007ffd95a4b000 	C:\Windows\system32\pnrpnsp.dll
0x00007ffdbba30000 - 0x00007ffdbba45000 	C:\Windows\system32\wshbth.dll
0x00007ffdb9430000 - 0x00007ffdb944d000 	C:\Windows\system32\NLAapi.dll
0x00007ffd94730000 - 0x00007ffd94742000 	C:\Windows\System32\winrnr.dll

dbghelp: loaded successfully - version: 4.0.5 - missing functions: none
symbol engine: initialized successfully - sym options: 0x614 - pdb path: .;C:\Program Files\Microsoft\jdk-17.0.8.7-hotspot\bin;C:\Windows\SYSTEM32;C:\Windows\WinSxS\amd64_microsoft.windows.common-controls_6595b64144ccf1df_6.0.19041.4355_none_60b8b9eb71f62e16;C:\Program Files\Microsoft\jdk-17.0.8.7-hotspot\bin\server;C:\Users\admin\.gradle\native\c067742578af261105cb4f569cf0c3c89f3d7b1fecec35dd04571415982c5e48\windows-amd64;C:\Users\admin\.gradle\native\100fb08df4bc3b14c8652ba06237920a3bd2aa13389f12d3474272988ae205f9\windows-amd64

VM Arguments:
jvm_args: -XX:MaxMetaspaceSize=512m --add-opens=java.base/java.util=ALL-UNNAMED --add-opens=java.base/java.lang=ALL-UNNAMED --add-opens=java.base/java.lang.invoke=ALL-UNNAMED --add-opens=java.prefs/java.util.prefs=ALL-UNNAMED --add-exports=jdk.compiler/com.sun.tools.javac.api=ALL-UNNAMED --add-exports=jdk.compiler/com.sun.tools.javac.util=ALL-UNNAMED --add-opens=java.base/java.nio.charset=ALL-UNNAMED --add-opens=java.base/java.net=ALL-UNNAMED --add-opens=java.base/java.util.concurrent.atomic=ALL-UNNAMED -Xmx2048m -Dfile.encoding=windows-1252 -Duser.country=IN -Duser.language=en -Duser.variant -javaagent:C:\Users\admin\.gradle\wrapper\dists\gradle-8.10.2-all\7iv73wktx1xtkvlq19urqw1wm\gradle-8.10.2\lib\agents\gradle-instrumentation-agent-8.10.2.jar 
java_command: org.gradle.launcher.daemon.bootstrap.GradleDaemon 8.10.2
java_class_path (initial): C:\Users\admin\.gradle\wrapper\dists\gradle-8.10.2-all\7iv73wktx1xtkvlq19urqw1wm\gradle-8.10.2\lib\gradle-daemon-main-8.10.2.jar
Launcher Type: SUN_STANDARD

[Global flags]
     intx CICompilerCount                          = 3                                         {product} {ergonomic}
   size_t CompressedClassSpaceSize                 = 436207616                                 {product} {ergonomic}
     uint ConcGCThreads                            = 1                                         {product} {ergonomic}
     uint G1ConcRefinementThreads                  = 4                                         {product} {ergonomic}
   size_t G1HeapRegionSize                         = 1048576                                   {product} {ergonomic}
    uintx GCDrainStackTargetSize                   = 64                                        {product} {ergonomic}
   size_t InitialHeapSize                          = 264241152                                 {product} {ergonomic}
   size_t MarkStackSize                            = 4194304                                   {product} {ergonomic}
   size_t MaxHeapSize                              = 2147483648                                {product} {command line}
   size_t MaxMetaspaceSize                         = 536870912                                 {product} {command line}
   size_t MaxNewSize                               = 1287651328                                {product} {ergonomic}
   size_t MinHeapDeltaBytes                        = 1048576                                   {product} {ergonomic}
   size_t MinHeapSize                              = 8388608                                   {product} {ergonomic}
    uintx NonNMethodCodeHeapSize                   = 5832780                                {pd product} {ergonomic}
    uintx NonProfiledCodeHeapSize                  = 122912730                              {pd product} {ergonomic}
    uintx ProfiledCodeHeapSize                     = 122912730                              {pd product} {ergonomic}
    uintx ReservedCodeCacheSize                    = 251658240                              {pd product} {ergonomic}
     bool SegmentedCodeCache                       = true                                      {product} {ergonomic}
   size_t SoftMaxHeapSize                          = 2147483648                             {manageable} {ergonomic}
     bool UseCompressedClassPointers               = true                           {product lp64_product} {ergonomic}
     bool UseCompressedOops                        = true                           {product lp64_product} {ergonomic}
     bool UseG1GC                                  = true                                      {product} {ergonomic}
     bool UseLargePagesIndividualAllocation        = false                                  {pd product} {ergonomic}

Logging:
Log output configuration:
 #0: stdout all=warning uptime,level,tags
 #1: stderr all=off uptime,level,tags

Environment Variables:
JAVA_HOME=C:\Program Files\Microsoft\jdk-17.0.8.7-hotspot
CLASSPATH=E:\workshop\Sanju\android\\gradle\wrapper\gradle-wrapper.jar
PATH=E:\workshop\Sanju\node_modules\.bin;E:\workshop\node_modules\.bin;E:\node_modules\.bin;C:\Users\admin\AppData\Roaming\npm\node_modules\npm\node_modules\@npmcli\run-script\lib\node-gyp-bin;C:\Python312\Scripts\;C:\Python312\;C:\Program Files\Common Files\Oracle\Java\javapath;C:\Program Files\Eclipse Adoptium\jdk-17.0.9.9-hotspot\bin;C:\Program Files\Microsoft\jdk-17.0.8.7-hotspot\bin;C:\Windows\system32;C:\Windows;C:\Windows\System32\Wbem;C:\Windows\System32\WindowsPowerShell\v1.0\;C:\Windows\System32\OpenSSH\;C:\Program Files\Git LFS;C:\ProgramData\chocolatey\bin;C:\Program Files\Git\cmd;C:\Program Files\Java\jdk-17;C:\Program Files\nodejs\;E:\Android\mysdk\sdk\tools;E:\Android\mysdk\sdk\platform-tools;C:\Users\admin\Downloads\kotlinc\bin;C:\Program Files\JetBrains\IntelliJ IDEA Educational Edition 2022.2.2\bin;;C:\Users\admin\AppData\Local\Programs\Microsoft VS Code\bin;C:\Users\admin\AppData\Roaming\npm
USERNAME=admin
LANG=en_US.UTF-8
OS=Windows_NT
PROCESSOR_IDENTIFIER=Intel64 Family 6 Model 60 Stepping 3, GenuineIntel
TMP=C:\Windows\TEMP
TEMP=C:\Windows\TEMP



---------------  S Y S T E M  ---------------

OS:
 Windows 10 , 64 bit Build 19041 (10.0.19041.5198)
OS uptime: 0 days 16:38 hours
Hyper-V role detected

CPU: total 4 (initial active 4) (2 cores per cpu, 2 threads per core) family 6 model 60 stepping 3 microcode 0x27, cx8, cmov, fxsr, ht, mmx, sse, sse2, sse3, ssse3, sse4.1, sse4.2, popcnt, lzcnt, tsc, tscinvbit, avx, avx2, aes, erms, clmul, bmi1, bmi2, fma, vzeroupper, clflush, hv
Processor Information for all 4 processors :
  Max Mhz: 2594, Current Mhz: 2594, Mhz Limit: 2594

Memory: 4k page, system-wide physical 16070M (9142M free)
TotalPageFile size 18502M (AvailPageFile size 10892M)
current process WorkingSet (physical memory assigned to process): 505M, peak: 510M
current process commit charge ("private bytes"): 556M, peak: 562M

vm_info: OpenJDK 64-Bit Server VM (17.0.8+7-LTS) for windows-amd64 JRE (17.0.8+7-LTS), built on Jul  7 2023 17:21:55 by "MicrosoftCorporation" with MS VC++ 16.10 / 16.11 (VS2019)

END.
